2024-05-23T06:21:54+0200 INFO --- logging initialized ---
2024-05-23T06:22:09+0200 INFO --- logging initialized ---
2024-05-23T06:24:24+0200 INFO --- logging initialized ---
2024-05-23T06:24:31+0200 INFO --- logging initialized ---
2024-05-23T06:24:46+0200 INFO --- logging initialized ---
2024-05-23T06:43:47+0200 INFO --- logging initialized ---
2024-05-23T06:43:57+0200 INFO --- logging initialized ---
2024-05-23T06:44:10+0200 INFO --- logging initialized ---
2024-05-23T06:44:13+0200 SUBDEBUG Installed: python3-kickstart-3.32.11-1.el9.noarch
2024-05-23T06:44:14+0200 SUBDEBUG Installed: pykickstart-3.32.11-1.el9.noarch
2024-05-23T07:07:00+0200 INFO --- logging initialized ---
2024-05-23T07:11:22+0200 INFO --- logging initialized ---
2024-05-23T07:11:42+0200 INFO --- logging initialized ---
2024-05-23T07:12:10+0200 INFO --- logging initialized ---
2024-05-23T07:12:41+0200 INFO --- logging initialized ---
2024-05-23T07:16:19+0200 INFO --- logging initialized ---
2024-05-23T07:16:48+0200 INFO --- logging initialized ---
2024-05-23T07:17:10+0200 INFO --- logging initialized ---
2024-05-23T07:17:23+0200 SUBDEBUG Installed: nbdkit-server-1.36.2-1.el9.x86_64
2024-05-23T07:17:23+0200 SUBDEBUG Upgrade: device-mapper-libs-9:1.02.197-2.el9.x86_64
2024-05-23T07:17:23+0200 SUBDEBUG Upgrade: device-mapper-9:1.02.197-2.el9.x86_64
2024-05-23T07:17:23+0200 SUBDEBUG Upgrade: device-mapper-event-libs-9:1.02.197-2.el9.x86_64
2024-05-23T07:17:23+0200 SUBDEBUG Installed: passt-0^20231204.gb86afe3-1.el9.x86_64
2024-05-23T07:17:23+0200 SUBDEBUG Installed: passt-selinux-0^20231204.gb86afe3-1.el9.noarch
2024-05-23T07:17:40+0200 SUBDEBUG Installed: qemu-img-17:8.2.0-11.el9_4.x86_64
2024-05-23T07:17:40+0200 SUBDEBUG Installed: libtpms-0.9.1-3.20211126git1ff6fe1f43.el9_2.x86_64
2024-05-23T07:17:40+0200 SUBDEBUG Installed: libnfsidmap-1:2.5.4-25.el9.x86_64
2024-05-23T07:17:40+0200 SUBDEBUG Installed: swtpm-libs-0.8.0-1.el9.x86_64
2024-05-23T07:17:40+0200 SUBDEBUG Installed: swtpm-0.8.0-1.el9.x86_64
2024-05-23T07:17:56+0200 SUBDEBUG Upgrade: device-mapper-event-9:1.02.197-2.el9.x86_64
2024-05-23T07:17:56+0200 SUBDEBUG Upgrade: lvm2-libs-9:2.03.23-2.el9.x86_64
2024-05-23T07:17:56+0200 SUBDEBUG Upgrade: lvm2-9:2.03.23-2.el9.x86_64
2024-05-23T07:17:57+0200 SUBDEBUG Installed: nbdkit-basic-filters-1.36.2-1.el9.x86_64
2024-05-23T07:17:57+0200 SUBDEBUG Installed: nbdkit-ssh-plugin-1.36.2-1.el9.x86_64
2024-05-23T07:17:57+0200 SUBDEBUG Installed: nbdkit-basic-plugins-1.36.2-1.el9.x86_64
2024-05-23T07:17:57+0200 SUBDEBUG Installed: nbdkit-1.36.2-1.el9.x86_64
2024-05-23T07:17:57+0200 SUBDEBUG Installed: nbdkit-curl-plugin-1.36.2-1.el9.x86_64
2024-05-23T07:17:57+0200 SUBDEBUG Installed: libnbd-1.18.1-3.el9.x86_64
2024-05-23T07:17:57+0200 SUBDEBUG Installed: unbound-libs-1.16.2-3.el9_3.5.x86_64
2024-05-23T07:17:57+0200 INFO Created symlink /etc/systemd/system/timers.target.wants/unbound-anchor.timer → /usr/lib/systemd/system/unbound-anchor.timer.

2024-05-23T07:17:57+0200 SUBDEBUG Installed: gnutls-dane-3.7.6-23.el9.x86_64
2024-05-23T07:17:58+0200 SUBDEBUG Installed: gnutls-utils-3.7.6-23.el9.x86_64
2024-05-23T07:17:58+0200 SUBDEBUG Installed: swtpm-tools-0.8.0-1.el9.x86_64
2024-05-23T07:17:58+0200 SUBDEBUG Installed: boost-iostreams-1.75.0-8.el9.x86_64
2024-05-23T07:17:58+0200 SUBDEBUG Installed: boost-system-1.75.0-8.el9.x86_64
2024-05-23T07:17:58+0200 SUBDEBUG Installed: boost-thread-1.75.0-8.el9.x86_64
2024-05-23T07:17:58+0200 SUBDEBUG Installed: scrub-2.6.1-4.el9.x86_64
2024-05-23T07:17:58+0200 SUBDEBUG Installed: mdevctl-1.1.0-4.el9.x86_64
2024-05-23T07:17:58+0200 SUBDEBUG Installed: rpcbind-1.2.6-7.el9.x86_64
2024-05-23T07:17:58+0200 INFO Created symlink /etc/systemd/system/multi-user.target.wants/rpcbind.service → /usr/lib/systemd/system/rpcbind.service.
Created symlink /etc/systemd/system/sockets.target.wants/rpcbind.socket → /usr/lib/systemd/system/rpcbind.socket.

2024-05-23T07:17:59+0200 SUBDEBUG Installed: numad-0.5-37.20150602git.el9.x86_64
2024-05-23T07:17:59+0200 SUBDEBUG Installed: systemd-container-252-18.el9.x86_64
2024-05-23T07:17:59+0200 SUBDEBUG Installed: librdmacm-46.0-1.el9.x86_64
2024-05-23T07:17:59+0200 SUBDEBUG Installed: librados2-2:16.2.4-5.el9.x86_64
2024-05-23T07:17:59+0200 SUBDEBUG Installed: librbd1-2:16.2.4-5.el9.x86_64
2024-05-23T07:17:59+0200 SUBDEBUG Installed: python3-ply-3.11-14.el9.noarch
2024-05-23T07:17:59+0200 SUBDEBUG Installed: python3-pycparser-2.20-6.el9.noarch
2024-05-23T07:17:59+0200 SUBDEBUG Installed: python3-cffi-1.14.5-5.el9.x86_64
2024-05-23T07:17:59+0200 SUBDEBUG Installed: python3-cryptography-36.0.1-4.el9.x86_64
2024-05-23T07:18:00+0200 SUBDEBUG Installed: keyutils-1.6.3-1.el9.x86_64
2024-05-23T07:18:00+0200 SUBDEBUG Installed: cyrus-sasl-2.1.27-21.el9.x86_64
2024-05-23T07:18:00+0200 SUBDEBUG Installed: libvirt-libs-10.0.0-6.2.el9_4.x86_64
2024-05-23T07:18:01+0200 SUBDEBUG Installed: libvirt-client-10.0.0-6.2.el9_4.x86_64
2024-05-23T07:18:01+0200 SUBDEBUG Installed: libvirt-daemon-common-10.0.0-6.2.el9_4.x86_64
2024-05-23T07:18:01+0200 SUBDEBUG Installed: libvirt-daemon-driver-network-10.0.0-6.2.el9_4.x86_64
2024-05-23T07:18:07+0200 SUBDEBUG Installed: libvirt-daemon-driver-nwfilter-10.0.0-6.2.el9_4.x86_64
2024-05-23T07:18:07+0200 SUBDEBUG Installed: libvirt-daemon-lock-10.0.0-6.2.el9_4.x86_64
2024-05-23T07:18:07+0200 SUBDEBUG Installed: libvirt-daemon-log-10.0.0-6.2.el9_4.x86_64
2024-05-23T07:18:07+0200 SUBDEBUG Installed: libvirt-daemon-plugin-lockd-10.0.0-6.2.el9_4.x86_64
2024-05-23T07:18:07+0200 SUBDEBUG Installed: libvirt-daemon-config-nwfilter-10.0.0-6.2.el9_4.x86_64
2024-05-23T07:18:07+0200 SUBDEBUG Installed: libvirt-daemon-config-network-10.0.0-6.2.el9_4.x86_64
2024-05-23T07:18:07+0200 SUBDEBUG Installed: libvirt-daemon-driver-interface-10.0.0-6.2.el9_4.x86_64
2024-05-23T07:18:07+0200 SUBDEBUG Installed: libvirt-daemon-driver-nodedev-10.0.0-6.2.el9_4.x86_64
2024-05-23T07:18:07+0200 SUBDEBUG Installed: libvirt-daemon-driver-secret-10.0.0-6.2.el9_4.x86_64
2024-05-23T07:18:07+0200 SUBDEBUG Installed: python3-libvirt-10.0.0-1.el9.x86_64
2024-05-23T07:18:07+0200 SUBDEBUG Installed: libvirt-client-qemu-10.0.0-6.2.el9_4.x86_64
2024-05-23T07:18:07+0200 SUBDEBUG Installed: libvirt-daemon-proxy-10.0.0-6.2.el9_4.x86_64
2024-05-23T07:18:07+0200 SUBDEBUG Installed: libvirt-daemon-10.0.0-6.2.el9_4.x86_64
2024-05-23T07:18:07+0200 SUBDEBUG Installed: lzop-1.04-8.el9.x86_64
2024-05-23T07:18:07+0200 SUBDEBUG Installed: libvirt-daemon-driver-qemu-10.0.0-6.2.el9_4.x86_64
2024-05-23T07:18:08+0200 SUBDEBUG Installed: libev-4.33-5.el9.x86_64
2024-05-23T07:18:08+0200 SUBDEBUG Installed: libverto-libev-0.3.2-3.el9.x86_64
2024-05-23T07:18:08+0200 SUBDEBUG Installed: gssproxy-0.8.4-6.el9.x86_64
2024-05-23T07:18:08+0200 SUBDEBUG Installed: nfs-utils-1:2.5.4-25.el9.x86_64
2024-05-23T07:18:09+0200 SUBDEBUG Installed: libvirt-daemon-driver-storage-core-10.0.0-6.2.el9_4.x86_64
2024-05-23T07:18:09+0200 SUBDEBUG Installed: libvirt-daemon-driver-storage-disk-10.0.0-6.2.el9_4.x86_64
2024-05-23T07:18:09+0200 SUBDEBUG Installed: libvirt-daemon-driver-storage-iscsi-10.0.0-6.2.el9_4.x86_64
2024-05-23T07:18:09+0200 SUBDEBUG Installed: libvirt-daemon-driver-storage-logical-10.0.0-6.2.el9_4.x86_64
2024-05-23T07:18:09+0200 SUBDEBUG Installed: libvirt-daemon-driver-storage-mpath-10.0.0-6.2.el9_4.x86_64
2024-05-23T07:18:09+0200 SUBDEBUG Installed: libvirt-daemon-driver-storage-rbd-10.0.0-6.2.el9_4.x86_64
2024-05-23T07:18:09+0200 SUBDEBUG Installed: libvirt-daemon-driver-storage-scsi-10.0.0-6.2.el9_4.x86_64
2024-05-23T07:18:09+0200 SUBDEBUG Installed: libvirt-daemon-driver-storage-10.0.0-6.2.el9_4.x86_64
2024-05-23T07:18:09+0200 SUBDEBUG Installed: libvirt-10.0.0-6.2.el9_4.x86_64
2024-05-23T07:18:09+0200 SUBDEBUG Installed: sssd-nfs-idmap-2.9.1-2.el9.x86_64
2024-05-23T07:18:09+0200 SUBDEBUG Upgraded: lvm2-9:2.03.21-3.el9.x86_64
2024-05-23T07:18:09+0200 SUBDEBUG Upgraded: lvm2-libs-9:2.03.21-3.el9.x86_64
2024-05-23T07:18:09+0200 SUBDEBUG Upgraded: device-mapper-event-9:1.02.195-3.el9.x86_64
2024-05-23T07:18:09+0200 SUBDEBUG Upgraded: device-mapper-event-libs-9:1.02.195-3.el9.x86_64
2024-05-23T07:18:09+0200 SUBDEBUG Upgraded: device-mapper-libs-9:1.02.195-3.el9.x86_64
2024-05-23T07:18:09+0200 SUBDEBUG Upgraded: device-mapper-9:1.02.195-3.el9.x86_64
2024-05-23T07:18:10+0200 INFO Created symlink /etc/systemd/system/sockets.target.wants/virtnetworkd.socket → /usr/lib/systemd/system/virtnetworkd.socket.
Created symlink /etc/systemd/system/sockets.target.wants/virtnetworkd-ro.socket → /usr/lib/systemd/system/virtnetworkd-ro.socket.
Created symlink /etc/systemd/system/sockets.target.wants/virtnetworkd-admin.socket → /usr/lib/systemd/system/virtnetworkd-admin.socket.
Removed "/etc/systemd/system/sockets.target.wants/virtnetworkd-ro.socket".
Removed "/etc/systemd/system/sockets.target.wants/virtnetworkd-admin.socket".

2024-05-23T07:18:10+0200 INFO Created symlink /etc/systemd/system/sockets.target.wants/virtnwfilterd.socket → /usr/lib/systemd/system/virtnwfilterd.socket.
Created symlink /etc/systemd/system/sockets.target.wants/virtnwfilterd-ro.socket → /usr/lib/systemd/system/virtnwfilterd-ro.socket.
Created symlink /etc/systemd/system/sockets.target.wants/virtnwfilterd-admin.socket → /usr/lib/systemd/system/virtnwfilterd-admin.socket.
Removed "/etc/systemd/system/sockets.target.wants/virtnwfilterd-ro.socket".
Removed "/etc/systemd/system/sockets.target.wants/virtnwfilterd-admin.socket".

2024-05-23T07:18:10+0200 INFO Created symlink /etc/systemd/system/sockets.target.wants/virtlogd.socket → /usr/lib/systemd/system/virtlogd.socket.
Created symlink /etc/systemd/system/sockets.target.wants/virtlogd-admin.socket → /usr/lib/systemd/system/virtlogd-admin.socket.
Removed "/etc/systemd/system/sockets.target.wants/virtlogd-admin.socket".

2024-05-23T07:18:10+0200 INFO Created symlink /etc/systemd/system/sockets.target.wants/virtinterfaced.socket → /usr/lib/systemd/system/virtinterfaced.socket.
Created symlink /etc/systemd/system/sockets.target.wants/virtinterfaced-ro.socket → /usr/lib/systemd/system/virtinterfaced-ro.socket.
Created symlink /etc/systemd/system/sockets.target.wants/virtinterfaced-admin.socket → /usr/lib/systemd/system/virtinterfaced-admin.socket.
Removed "/etc/systemd/system/sockets.target.wants/virtinterfaced-ro.socket".
Removed "/etc/systemd/system/sockets.target.wants/virtinterfaced-admin.socket".

2024-05-23T07:18:11+0200 INFO Created symlink /etc/systemd/system/sockets.target.wants/virtnodedevd.socket → /usr/lib/systemd/system/virtnodedevd.socket.
Created symlink /etc/systemd/system/sockets.target.wants/virtnodedevd-ro.socket → /usr/lib/systemd/system/virtnodedevd-ro.socket.
Created symlink /etc/systemd/system/sockets.target.wants/virtnodedevd-admin.socket → /usr/lib/systemd/system/virtnodedevd-admin.socket.
Removed "/etc/systemd/system/sockets.target.wants/virtnodedevd-ro.socket".
Removed "/etc/systemd/system/sockets.target.wants/virtnodedevd-admin.socket".

2024-05-23T07:18:11+0200 INFO Created symlink /etc/systemd/system/sockets.target.wants/virtsecretd.socket → /usr/lib/systemd/system/virtsecretd.socket.
Created symlink /etc/systemd/system/sockets.target.wants/virtsecretd-ro.socket → /usr/lib/systemd/system/virtsecretd-ro.socket.
Created symlink /etc/systemd/system/sockets.target.wants/virtsecretd-admin.socket → /usr/lib/systemd/system/virtsecretd-admin.socket.
Removed "/etc/systemd/system/sockets.target.wants/virtsecretd-ro.socket".
Removed "/etc/systemd/system/sockets.target.wants/virtsecretd-admin.socket".

2024-05-23T07:18:11+0200 INFO Created symlink /etc/systemd/system/sockets.target.wants/virtproxyd.socket → /usr/lib/systemd/system/virtproxyd.socket.
Created symlink /etc/systemd/system/sockets.target.wants/virtproxyd-ro.socket → /usr/lib/systemd/system/virtproxyd-ro.socket.
Created symlink /etc/systemd/system/sockets.target.wants/virtproxyd-admin.socket → /usr/lib/systemd/system/virtproxyd-admin.socket.
Removed "/etc/systemd/system/sockets.target.wants/virtproxyd-ro.socket".
Removed "/etc/systemd/system/sockets.target.wants/virtproxyd-admin.socket".

2024-05-23T07:18:11+0200 INFO Created symlink /etc/systemd/system/multi-user.target.wants/virtqemud.service → /usr/lib/systemd/system/virtqemud.service.
Created symlink /etc/systemd/system/sockets.target.wants/virtqemud.socket → /usr/lib/systemd/system/virtqemud.socket.
Created symlink /etc/systemd/system/sockets.target.wants/virtqemud-ro.socket → /usr/lib/systemd/system/virtqemud-ro.socket.
Created symlink /etc/systemd/system/sockets.target.wants/virtqemud-admin.socket → /usr/lib/systemd/system/virtqemud-admin.socket.
Created symlink /etc/systemd/system/sockets.target.wants/virtlockd.socket → /usr/lib/systemd/system/virtlockd.socket.
Created symlink /etc/systemd/system/sockets.target.wants/virtlogd-admin.socket → /usr/lib/systemd/system/virtlogd-admin.socket.
Created symlink /etc/systemd/system/sockets.target.wants/virtlockd-admin.socket → /usr/lib/systemd/system/virtlockd-admin.socket.

2024-05-23T07:18:11+0200 INFO Created symlink /etc/systemd/system/sockets.target.wants/virtstoraged.socket → /usr/lib/systemd/system/virtstoraged.socket.
Created symlink /etc/systemd/system/sockets.target.wants/virtstoraged-ro.socket → /usr/lib/systemd/system/virtstoraged-ro.socket.
Created symlink /etc/systemd/system/sockets.target.wants/virtstoraged-admin.socket → /usr/lib/systemd/system/virtstoraged-admin.socket.
Removed "/etc/systemd/system/sockets.target.wants/virtstoraged-ro.socket".
Removed "/etc/systemd/system/sockets.target.wants/virtstoraged-admin.socket".

2024-05-23T07:19:51+0200 INFO --- logging initialized ---
2024-05-23T07:19:59+0200 SUBDEBUG Installed: virtiofsd-1.10.1-1.el9.x86_64
2024-05-23T07:19:59+0200 SUBDEBUG Installed: daxctl-libs-71.1-8.el9.x86_64
2024-05-23T07:19:59+0200 SUBDEBUG Installed: ndctl-libs-71.1-8.el9.x86_64
2024-05-23T07:19:59+0200 SUBDEBUG Installed: libpmem-1.12.1-1.el9.x86_64
2024-05-23T07:19:59+0200 SUBDEBUG Installed: seavgabios-bin-1.16.3-2.el9.noarch
2024-05-23T07:19:59+0200 SUBDEBUG Installed: qemu-pr-helper-17:8.2.0-11.el9_4.x86_64
2024-05-23T07:19:59+0200 SUBDEBUG Installed: qemu-kvm-tools-17:8.2.0-11.el9_4.x86_64
2024-05-23T07:19:59+0200 SUBDEBUG Installed: qemu-kvm-docs-17:8.2.0-11.el9_4.x86_64
2024-05-23T07:20:00+0200 SUBDEBUG Installed: edk2-ovmf-20231122-6.el9.noarch
2024-05-23T07:20:00+0200 SUBDEBUG Installed: seabios-bin-1.16.3-2.el9.noarch
2024-05-23T07:20:00+0200 SUBDEBUG Installed: libblkio-1.3.0-1.el9.x86_64
2024-05-23T07:20:00+0200 SUBDEBUG Installed: usbredir-0.13.0-2.el9.x86_64
2024-05-23T07:20:00+0200 SUBDEBUG Installed: capstone-4.0.2-10.el9.x86_64
2024-05-23T07:20:00+0200 SUBDEBUG Installed: ipxe-roms-qemu-20200823-9.git4bd064de.el9_0.noarch
2024-05-23T07:20:00+0200 SUBDEBUG Installed: qemu-kvm-common-17:8.2.0-11.el9_4.x86_64
2024-05-23T07:20:01+0200 SUBDEBUG Installed: qemu-kvm-device-display-virtio-gpu-17:8.2.0-11.el9_4.x86_64
2024-05-23T07:20:01+0200 SUBDEBUG Installed: qemu-kvm-ui-opengl-17:8.2.0-11.el9_4.x86_64
2024-05-23T07:20:01+0200 SUBDEBUG Installed: qemu-kvm-ui-egl-headless-17:8.2.0-11.el9_4.x86_64
2024-05-23T07:20:01+0200 SUBDEBUG Installed: qemu-kvm-device-display-virtio-gpu-pci-17:8.2.0-11.el9_4.x86_64
2024-05-23T07:20:01+0200 SUBDEBUG Installed: qemu-kvm-audio-pa-17:8.2.0-11.el9_4.x86_64
2024-05-23T07:20:01+0200 SUBDEBUG Installed: qemu-kvm-block-blkio-17:8.2.0-11.el9_4.x86_64
2024-05-23T07:20:01+0200 SUBDEBUG Installed: qemu-kvm-block-rbd-17:8.2.0-11.el9_4.x86_64
2024-05-23T07:20:01+0200 SUBDEBUG Installed: qemu-kvm-device-display-virtio-vga-17:8.2.0-11.el9_4.x86_64
2024-05-23T07:20:01+0200 SUBDEBUG Installed: qemu-kvm-device-usb-host-17:8.2.0-11.el9_4.x86_64
2024-05-23T07:20:01+0200 SUBDEBUG Installed: qemu-kvm-device-usb-redirect-17:8.2.0-11.el9_4.x86_64
2024-05-23T07:20:01+0200 SUBDEBUG Installed: libisofs-1.5.4-4.el9.x86_64
2024-05-23T07:20:01+0200 SUBDEBUG Installed: libfdt-1.6.0-7.el9.x86_64
2024-05-23T07:20:01+0200 SUBDEBUG Installed: qemu-kvm-core-17:8.2.0-11.el9_4.x86_64
2024-05-23T07:20:01+0200 SUBDEBUG Installed: qemu-kvm-17:8.2.0-11.el9_4.x86_64
2024-05-23T07:20:01+0200 SUBDEBUG Installed: python3-argcomplete-1.12.0-5.el9.noarch
2024-05-23T07:20:01+0200 SUBDEBUG Installed: libvirt-glib-4.0.0-3.el9.x86_64
2024-05-23T07:20:01+0200 SUBDEBUG Installed: libvirt-dbus-1.4.1-5.el9.x86_64
2024-05-23T07:20:01+0200 SUBDEBUG Installed: libburn-1.5.4-4.el9.x86_64
2024-05-23T07:20:01+0200 SUBDEBUG Installed: libisoburn-1.5.4-4.el9.x86_64
2024-05-23T07:20:01+0200 SUBDEBUG Installed: xorriso-1.5.4-4.el9.x86_64
2024-05-23T07:20:02+0200 SUBDEBUG Installed: virt-manager-common-4.1.0-5.el9.noarch
2024-05-23T07:20:02+0200 SUBDEBUG Installed: virt-install-4.1.0-5.el9.noarch
2024-05-23T07:20:02+0200 SUBDEBUG Installed: cockpit-machines-308-1.el9.noarch
2024-05-23T15:57:59+0200 INFO --- logging initialized ---
2024-06-08T15:06:06+0200 INFO --- logging initialized ---
2024-06-08T15:08:36+0200 SUBDEBUG Upgrade: libgcc-11.4.1-3.el9.x86_64
2024-06-08T15:08:36+0200 SUBDEBUG Upgrade: linux-firmware-whence-20240219-143.el9.noarch
2024-06-08T15:08:36+0200 SUBDEBUG Upgrade: crypto-policies-20240202-1.git283706d.el9.noarch
2024-06-08T15:08:36+0200 SUBDEBUG Upgrade: liberation-fonts-common-1:2.1.3-5.el9.noarch
2024-06-08T15:08:36+0200 SUBDEBUG Upgrade: google-noto-cjk-fonts-common-20230817-2.el9.noarch
2024-06-08T15:08:36+0200 SUBDEBUG Upgrade: gnome-control-center-filesystem-40.0-30.el9.noarch
2024-06-08T15:08:36+0200 SUBDEBUG Upgrade: cups-filesystem-1:2.3.3op2-24.el9.noarch
2024-06-08T15:08:36+0200 SUBDEBUG Upgrade: pcre2-syntax-10.40-5.el9.noarch
2024-06-08T15:08:36+0200 SUBDEBUG Upgrade: tzdata-2024a-1.el9.noarch
2024-06-08T15:08:38+0200 SUBDEBUG Upgrade: glibc-all-langpacks-2.34-100.el9_4.2.x86_64
2024-06-08T15:08:41+0200 SUBDEBUG Upgrade: glibc-gconv-extra-2.34-100.el9_4.2.x86_64
2024-06-08T15:08:42+0200 SUBDEBUG Upgrade: glibc-2.34-100.el9_4.2.x86_64
2024-06-08T15:08:43+0200 SUBDEBUG Upgrade: bash-5.1.8-9.el9.x86_64
2024-06-08T15:08:43+0200 SUBDEBUG Upgrade: glibc-common-2.34-100.el9_4.2.x86_64
2024-06-08T15:08:43+0200 SUBDEBUG Upgrade: glibc-langpack-en-2.34-100.el9_4.2.x86_64
2024-06-08T15:08:44+0200 SUBDEBUG Upgrade: libstdc++-11.4.1-3.el9.x86_64
2024-06-08T15:08:44+0200 SUBDEBUG Upgrade: audit-libs-3.1.2-2.el9.x86_64
2024-06-08T15:08:44+0200 SUBDEBUG Upgrade: libtalloc-2.4.1-1.el9.x86_64
2024-06-08T15:08:44+0200 SUBDEBUG Upgrade: sqlite-libs-3.34.1-7.el9_3.x86_64
2024-06-08T15:08:44+0200 SUBDEBUG Upgrade: libcom_err-1.46.5-5.el9.x86_64
2024-06-08T15:08:44+0200 SUBDEBUG Upgrade: libdrm-2.4.117-1.el9.x86_64
2024-06-08T15:08:44+0200 SUBDEBUG Upgrade: libacl-2.3.1-4.el9.x86_64
2024-06-08T15:08:44+0200 SUBDEBUG Upgrade: libxml2-2.9.13-6.el9_4.x86_64
2024-06-08T15:08:44+0200 SUBDEBUG Upgrade: libtevent-0.16.0-1.el9.x86_64
2024-06-08T15:08:44+0200 SUBDEBUG Upgrade: libtdb-1.4.9-1.el9.x86_64
2024-06-08T15:08:44+0200 SUBDEBUG Upgrade: libuuid-2.37.4-18.el9.x86_64
2024-06-08T15:08:44+0200 SUBDEBUG Upgrade: avahi-libs-0.8-20.el9.x86_64
2024-06-08T15:08:44+0200 SUBDEBUG Upgrade: p11-kit-0.25.3-2.el9.x86_64
2024-06-08T15:08:45+0200 SUBDEBUG Upgrade: elfutils-libelf-0.190-2.el9.x86_64
2024-06-08T15:08:45+0200 SUBDEBUG Upgrade: nspr-4.35.0-7.el9_4.x86_64
2024-06-08T15:08:45+0200 SUBDEBUG Upgrade: pcre2-10.40-5.el9.x86_64
2024-06-08T15:09:00+0200 SUBDEBUG Upgrade: alsa-lib-1.2.10-2.el9.x86_64
2024-06-08T15:09:01+0200 SUBDEBUG Upgrade: libjpeg-turbo-2.0.90-7.el9.x86_64
2024-06-08T15:09:01+0200 SUBDEBUG Upgrade: expat-2.5.0-2.el9_4.x86_64
2024-06-08T15:09:01+0200 SUBDEBUG Upgrade: libnl3-3.9.0-1.el9.x86_64
2024-06-08T15:09:01+0200 SUBDEBUG Upgrade: nss-util-3.90.0-7.el9_4.x86_64
2024-06-08T15:09:01+0200 SUBDEBUG Upgrade: libsss_idmap-2.9.4-6.el9_4.x86_64
2024-06-08T15:09:01+0200 SUBDEBUG Upgrade: libX11-xcb-1.7.0-9.el9.x86_64
2024-06-08T15:09:01+0200 SUBDEBUG Upgrade: mesa-libgbm-23.3.3-1.el9.x86_64
2024-06-08T15:09:01+0200 SUBDEBUG Upgrade: libtiff-4.4.0-12.el9.x86_64
2024-06-08T15:09:01+0200 SUBDEBUG Upgrade: libsepol-3.6-1.el9.x86_64
2024-06-08T15:09:01+0200 SUBDEBUG Upgrade: libselinux-3.6-1.el9.x86_64
2024-06-08T15:09:01+0200 SUBDEBUG Upgrade: libsemanage-3.6-1.el9.x86_64
2024-06-08T15:09:01+0200 SUBDEBUG Upgrade: libtirpc-1.3.3-8.el9_4.x86_64
2024-06-08T15:09:01+0200 SUBDEBUG Upgrade: dmidecode-1:3.5-3.el9.x86_64
2024-06-08T15:09:01+0200 SUBDEBUG Upgrade: libsmartcols-2.37.4-18.el9.x86_64
2024-06-08T15:09:01+0200 SUBDEBUG Upgrade: nettle-3.9.1-1.el9.x86_64
2024-06-08T15:09:01+0200 SUBDEBUG Upgrade: pixman-0.40.0-6.el9_3.x86_64
2024-06-08T15:09:01+0200 SUBDEBUG Upgrade: fuse3-libs-3.10.2-8.el9.x86_64
2024-06-08T15:09:01+0200 SUBDEBUG Upgrade: p11-kit-trust-0.25.3-2.el9.x86_64
2024-06-08T15:09:01+0200 SUBDEBUG Upgrade: gnutls-3.8.3-4.el9_4.x86_64
2024-06-08T15:09:01+0200 SUBDEBUG Upgrade: cups-libs-1:2.3.3op2-24.el9.x86_64
2024-06-08T15:09:02+0200 SUBDEBUG Upgrade: llvm-libs-17.0.6-5.el9.x86_64
2024-06-08T15:09:02+0200 SUBDEBUG Upgrade: iptables-libs-1.8.10-2.el9.x86_64
2024-06-08T15:09:03+0200 SUBDEBUG Upgrade: libsndfile-1.0.31-8.el9.x86_64
2024-06-08T15:09:03+0200 SUBDEBUG Upgrade: mesa-libglapi-23.3.3-1.el9.x86_64
2024-06-08T15:09:03+0200 SUBDEBUG Upgrade: criu-3.19-1.el9.x86_64
2024-06-08T15:09:03+0200 SUBDEBUG Upgrade: xorg-x11-server-common-1.20.11-24.el9.x86_64
2024-06-08T15:09:03+0200 SUBDEBUG Upgrade: libselinux-utils-3.6-1.el9.x86_64
2024-06-08T15:09:03+0200 SUBDEBUG Upgrade: libbpf-2:1.3.0-2.el9.x86_64
2024-06-08T15:09:03+0200 SUBDEBUG Upgrade: iproute-6.2.0-6.el9_4.x86_64
2024-06-08T15:09:03+0200 SUBDEBUG Upgrade: acl-2.3.1-4.el9.x86_64
2024-06-08T15:09:03+0200 SUBDEBUG Upgrade: kpartx-0.8.7-27.el9.x86_64
2024-06-08T15:09:03+0200 SUBDEBUG Upgrade: file-libs-5.39-16.el9.x86_64
2024-06-08T15:09:03+0200 SUBDEBUG Upgrade: file-5.39-16.el9.x86_64
2024-06-08T15:09:03+0200 SUBDEBUG Upgrade: libatomic-11.4.1-3.el9.x86_64
2024-06-08T15:09:03+0200 SUBDEBUG Upgrade: libnftnl-1.2.6-2.el9.x86_64
2024-06-08T15:09:03+0200 SUBDEBUG Upgrade: nftables-1:1.0.9-1.el9.x86_64
2024-06-08T15:09:03+0200 SUBDEBUG Upgrade: numactl-libs-2.0.16-3.el9.x86_64
2024-06-08T15:09:03+0200 SUBDEBUG Upgrade: hwdata-0.348-9.13.el9.noarch
2024-06-08T15:09:03+0200 SUBDEBUG Upgrade: criu-libs-3.19-1.el9.x86_64
2024-06-08T15:09:03+0200 SUBDEBUG Upgrade: vulkan-loader-1.3.268.0-1.el9.x86_64
2024-06-08T15:09:03+0200 SUBDEBUG Upgrade: mesa-vulkan-drivers-23.3.3-1.el9.x86_64
2024-06-08T15:09:04+0200 SUBDEBUG Upgrade: libgs-9.54.0-14.el9_3.x86_64
2024-06-08T15:09:04+0200 SUBDEBUG Upgrade: ghostscript-tools-fonts-9.54.0-14.el9_3.x86_64
2024-06-08T15:09:04+0200 SUBDEBUG Upgrade: ghostscript-tools-printing-9.54.0-14.el9_3.x86_64
2024-06-08T15:09:04+0200 SUBDEBUG Upgrade: ghostscript-9.54.0-14.el9_3.x86_64
2024-06-08T15:09:04+0200 SUBDEBUG Upgrade: cups-client-1:2.3.3op2-24.el9.x86_64
2024-06-08T15:09:05+0200 SUBDEBUG Upgrade: cups-filters-libs-1.28.7-15.el9.x86_64
2024-06-08T15:09:05+0200 SUBDEBUG Upgrade: gnutls-dane-3.8.3-4.el9_4.x86_64
2024-06-08T15:09:05+0200 SUBDEBUG Upgrade: nss-softokn-freebl-3.90.0-7.el9_4.x86_64
2024-06-08T15:09:05+0200 SUBDEBUG Upgrade: nss-softokn-3.90.0-7.el9_4.x86_64
2024-06-08T15:09:05+0200 SUBDEBUG Upgrade: iw-6.7-1.el9.x86_64
2024-06-08T15:09:05+0200 SUBDEBUG Upgrade: libibverbs-48.0-1.el9.x86_64
2024-06-08T15:09:05+0200 SUBDEBUG Upgrade: alsa-ucm-1.2.10-2.el9.noarch
2024-06-08T15:09:05+0200 SUBDEBUG Upgrade: e2fsprogs-libs-1.46.5-5.el9.x86_64
2024-06-08T15:09:05+0200 SUBDEBUG Upgrade: libss-1.46.5-5.el9.x86_64
2024-06-08T15:09:05+0200 SUBDEBUG Upgrade: systemd-rpm-macros-252-32.el9_4.noarch
2024-06-08T15:09:06+0200 SUBDEBUG Upgrade: kernel-tools-libs-5.14.0-427.20.1.el9_4.x86_64
2024-06-08T15:09:06+0200 SUBDEBUG Upgrade: jq-1.6-16.el9.x86_64
2024-06-08T15:09:06+0200 SUBDEBUG Upgrade: libgomp-11.4.1-3.el9.x86_64
2024-06-08T15:09:06+0200 SUBDEBUG Upgrade: squashfs-tools-4.4-10.git1.el9.x86_64
2024-06-08T15:09:06+0200 SUBDEBUG Upgrade: libipa_hbac-2.9.4-6.el9_4.x86_64
2024-06-08T15:09:06+0200 SUBDEBUG Upgrade: libsss_nss_idmap-2.9.4-6.el9_4.x86_64
2024-06-08T15:09:06+0200 SUBDEBUG Upgrade: libsss_sudo-2.9.4-6.el9_4.x86_64
2024-06-08T15:09:06+0200 SUBDEBUG Upgrade: sssd-nfs-idmap-2.9.4-6.el9_4.x86_64
2024-06-08T15:09:06+0200 SUBDEBUG Upgrade: libnghttp2-1.43.0-5.el9_4.3.x86_64
2024-06-08T15:09:06+0200 SUBDEBUG Upgrade: checkpolicy-3.6-1.el9.x86_64
2024-06-08T15:09:06+0200 SUBDEBUG Upgrade: liburing-2.5-1.el9.x86_64
2024-06-08T15:09:06+0200 SUBDEBUG Upgrade: perl-NDBM_File-1.15-481.el9.x86_64
2024-06-08T15:09:06+0200 SUBDEBUG Upgrade: perl-libs-4:5.32.1-481.el9.x86_64
2024-06-08T15:09:07+0200 SUBDEBUG Upgrade: perl-Fcntl-1.13-481.el9.x86_64
2024-06-08T15:09:07+0200 SUBDEBUG Upgrade: perl-Symbol-1.08-481.el9.noarch
2024-06-08T15:09:07+0200 SUBDEBUG Upgrade: perl-POSIX-1.94-481.el9.x86_64
2024-06-08T15:09:07+0200 SUBDEBUG Upgrade: perl-overloading-0.02-481.el9.noarch
2024-06-08T15:09:07+0200 SUBDEBUG Upgrade: perl-Errno-1.30-481.el9.x86_64
2024-06-08T15:09:07+0200 SUBDEBUG Upgrade: perl-File-Basename-2.85-481.el9.noarch
2024-06-08T15:09:07+0200 SUBDEBUG Upgrade: perl-File-Find-1.37-481.el9.noarch
2024-06-08T15:09:07+0200 SUBDEBUG Upgrade: perl-SelectSaver-1.02-481.el9.noarch
2024-06-08T15:09:07+0200 SUBDEBUG Upgrade: perl-Class-Struct-0.66-481.el9.noarch
2024-06-08T15:09:07+0200 SUBDEBUG Upgrade: perl-interpreter-4:5.32.1-481.el9.x86_64
2024-06-08T15:09:07+0200 SUBDEBUG Upgrade: perl-mro-1.23-481.el9.x86_64
2024-06-08T15:09:07+0200 SUBDEBUG Upgrade: perl-overload-1.31-481.el9.noarch
2024-06-08T15:09:07+0200 SUBDEBUG Upgrade: perl-File-stat-1.09-481.el9.noarch
2024-06-08T15:09:07+0200 SUBDEBUG Upgrade: perl-IO-1.43-481.el9.x86_64
2024-06-08T15:09:07+0200 SUBDEBUG Upgrade: aardvark-dns-2:1.10.0-3.el9_4.x86_64
2024-06-08T15:09:07+0200 SUBDEBUG Upgrade: netavark-2:1.10.3-1.el9.x86_64
2024-06-08T15:09:07+0200 SUBDEBUG Upgrade: liberation-mono-fonts-1:2.1.3-5.el9.noarch
2024-06-08T15:09:07+0200 SUBDEBUG Upgrade: linux-firmware-20240219-143.el9.noarch
2024-06-08T15:09:14+0200 SUBDEBUG Upgrade: bind-license-32:9.16.23-18.el9_4.1.noarch
2024-06-08T15:09:14+0200 SUBDEBUG Upgrade: tracer-common-1.1-2.el9.noarch
2024-06-08T15:09:14+0200 SUBDEBUG Upgrade: mesa-filesystem-23.3.3-1.el9.x86_64
2024-06-08T15:09:14+0200 SUBDEBUG Upgrade: libX11-common-1.7.0-9.el9.noarch
2024-06-08T15:09:14+0200 SUBDEBUG Upgrade: libX11-1.7.0-9.el9.x86_64
2024-06-08T15:09:14+0200 SUBDEBUG Upgrade: libssh-config-0.10.4-13.el9.noarch
2024-06-08T15:09:14+0200 SUBDEBUG Upgrade: firewalld-filesystem-1.3.4-1.el9.noarch
2024-06-08T15:09:14+0200 SUBDEBUG Upgrade: redhat-release-eula-9.4-0.4.el9.x86_64
2024-06-08T15:09:14+0200 SUBDEBUG Upgrade: redhat-release-9.4-0.4.el9.x86_64
2024-06-08T15:09:15+0200 SUBDEBUG Upgrade: python3-pip-wheel-21.2.3-8.el9.noarch
2024-06-08T15:09:15+0200 SUBDEBUG Upgrade: fuse-common-3.10.2-8.el9.x86_64
2024-06-08T15:09:15+0200 SUBDEBUG Upgrade: fuse3-3.10.2-8.el9.x86_64
2024-06-08T15:09:15+0200 SUBDEBUG Upgrade: fuse-overlayfs-1.13-1.el9.x86_64
2024-06-08T15:09:15+0200 SUBDEBUG Upgrade: dnf-data-4.14.0-9.el9.noarch
2024-06-08T15:09:15+0200 SUBDEBUG Upgrade: coreutils-common-8.32-35.el9.x86_64
2024-06-08T15:09:15+0200 SUBDEBUG Upgrade: coreutils-8.32-35.el9.x86_64
2024-06-08T15:09:15+0200 SUBDEBUG Installed: openssl-fips-provider-3.0.7-2.el9.x86_64
2024-06-08T15:09:16+0200 SUBDEBUG Upgrade: openssl-libs-1:3.0.7-27.el9.x86_64
2024-06-08T15:09:16+0200 SUBDEBUG Upgrade: systemd-libs-252-32.el9_4.x86_64
2024-06-08T15:09:16+0200 SUBDEBUG Upgrade: openldap-2.6.6-3.el9.x86_64
2024-06-08T15:09:17+0200 SUBDEBUG Upgrade: libblkid-2.37.4-18.el9.x86_64
2024-06-08T15:09:17+0200 SUBDEBUG Upgrade: libldb-2.8.0-1.el9.x86_64
2024-06-08T15:09:17+0200 SUBDEBUG Upgrade: libmount-2.37.4-18.el9.x86_64
2024-06-08T15:09:17+0200 SUBDEBUG Upgrade: glib2-2.68.4-14.el9.x86_64
2024-06-08T15:09:18+0200 SUBDEBUG Upgrade: gstreamer1-plugins-base-1.22.1-2.el9.x86_64
2024-06-08T15:09:18+0200 SUBDEBUG Upgrade: harfbuzz-2.7.4-10.el9.x86_64
2024-06-08T15:09:18+0200 SUBDEBUG Upgrade: libblockdev-utils-2.28-10.el9.x86_64
2024-06-08T15:09:18+0200 SUBDEBUG Upgrade: NetworkManager-libnm-1:1.46.0-4.el9_4.x86_64
2024-06-08T15:09:19+0200 SUBDEBUG Upgrade: libsss_certmap-2.9.4-6.el9_4.x86_64
2024-06-08T15:09:19+0200 SUBDEBUG Upgrade: PackageKit-glib-1.2.6-1.el9.x86_64
2024-06-08T15:09:19+0200 SUBDEBUG Upgrade: python-unversioned-command-3.9.18-3.el9.noarch
2024-06-08T15:09:19+0200 SUBDEBUG Upgrade: python3-3.9.18-3.el9.x86_64
2024-06-08T15:09:19+0200 SUBDEBUG Upgrade: python3-libs-3.9.18-3.el9.x86_64
2024-06-08T15:09:30+0200 SUBDEBUG Upgrade: librsvg2-2.50.7-3.el9.x86_64
2024-06-08T15:09:31+0200 SUBDEBUG Upgrade: gstreamer1-plugins-good-1.22.1-2.el9.x86_64
2024-06-08T15:09:31+0200 SUBDEBUG Upgrade: ibus-libs-1.5.25-5.el9.x86_64
2024-06-08T15:09:31+0200 SUBDEBUG Upgrade: slirp4netns-1.2.3-1.el9.x86_64
2024-06-08T15:09:31+0200 SUBDEBUG Upgrade: libfdisk-2.37.4-18.el9.x86_64
2024-06-08T15:09:31+0200 SUBDEBUG Upgrade: crun-1.14.3-1.el9.x86_64
2024-06-08T15:09:31+0200 SUBDEBUG Upgrade: iptables-nft-1.8.10-2.el9.x86_64
2024-06-08T15:09:32+0200 SUBDEBUG Upgrade: gstreamer1-plugins-bad-free-1.22.1-4.el9.x86_64
2024-06-08T15:09:33+0200 SUBDEBUG Upgrade: gtk4-4.12.3-2.el9.x86_64
2024-06-08T15:09:34+0200 SUBDEBUG Upgrade: python3-file-magic-5.39-16.el9.noarch
2024-06-08T15:09:34+0200 SUBDEBUG Upgrade: python3-libselinux-3.6-1.el9.x86_64
2024-06-08T15:09:34+0200 SUBDEBUG Upgrade: gnome-online-accounts-3.40.0-6.el9.x86_64
2024-06-08T15:09:35+0200 SUBDEBUG Upgrade: util-linux-core-2.37.4-18.el9.x86_64
2024-06-08T15:09:36+0200 SUBDEBUG Upgrade: openssl-1:3.0.7-27.el9.x86_64
2024-06-08T15:09:36+0200 SUBDEBUG Upgrade: pam-1.5.1-19.el9.x86_64
2024-06-08T15:09:38+0200 SUBDEBUG Upgrade: util-linux-2.37.4-18.el9.x86_64
2024-06-08T15:09:40+0200 SUBDEBUG Upgrade: systemd-252-32.el9_4.x86_64
2024-06-08T15:09:43+0200 SUBDEBUG Upgrade: systemd-pam-252-32.el9_4.x86_64
2024-06-08T15:09:43+0200 SUBDEBUG Upgrade: pipewire-1.0.1-1.el9.x86_64
2024-06-08T15:09:44+0200 SUBDEBUG Upgrade: pipewire-libs-1.0.1-1.el9.x86_64
2024-06-08T15:09:45+0200 SUBDEBUG Upgrade: systemd-udev-252-32.el9_4.x86_64
2024-06-08T15:09:47+0200 SUBDEBUG Upgrade: grub2-common-1:2.06-77.el9.noarch
2024-06-08T15:09:47+0200 SUBDEBUG Upgrade: grub2-tools-minimal-1:2.06-77.el9.x86_64
2024-06-08T15:09:47+0200 SUBDEBUG Upgrade: avahi-0.8-20.el9.x86_64
2024-06-08T15:09:47+0200 SUBDEBUG Upgrade: samba-common-4.19.4-104.el9.noarch
2024-06-08T15:09:47+0200 SUBDEBUG Upgrade: libwbclient-4.19.4-104.el9.x86_64
2024-06-08T15:09:47+0200 SUBDEBUG Upgrade: samba-common-libs-4.19.4-104.el9.x86_64
2024-06-08T15:09:48+0200 SUBDEBUG Upgrade: samba-client-libs-4.19.4-104.el9.x86_64
2024-06-08T15:09:48+0200 SUBDEBUG Upgrade: libsmbclient-4.19.4-104.el9.x86_64
2024-06-08T15:09:48+0200 SUBDEBUG Upgrade: containernetworking-plugins-1:1.4.0-2.el9_4.x86_64
2024-06-08T15:09:49+0200 SUBDEBUG Upgrade: openssh-8.7p1-38.el9.x86_64
2024-06-08T15:09:49+0200 SUBDEBUG Upgrade: libssh-0.10.4-13.el9.x86_64
2024-06-08T15:09:49+0200 SUBDEBUG Upgrade: libcurl-7.76.1-29.el9_4.x86_64
2024-06-08T15:09:49+0200 SUBDEBUG Upgrade: NetworkManager-1:1.46.0-4.el9_4.x86_64
2024-06-08T15:09:53+0200 SUBDEBUG Upgrade: rsyslog-logrotate-8.2310.0-4.el9.x86_64
2024-06-08T15:09:53+0200 SUBDEBUG Upgrade: rsyslog-8.2310.0-4.el9.x86_64
2024-06-08T15:09:53+0200 SUBDEBUG Upgrade: cockpit-bridge-311.1-1.el9.x86_64
2024-06-08T15:09:53+0200 SUBDEBUG Upgrade: librepo-1.14.5-2.el9.x86_64
2024-06-08T15:09:53+0200 SUBDEBUG Upgrade: fwupd-plugin-flashrom-1.9.13-2.el9.x86_64
2024-06-08T15:09:53+0200 SUBDEBUG Upgrade: fwupd-1.9.13-2.el9.x86_64
2024-06-08T15:09:54+0200 SUBDEBUG Upgrade: python3-librepo-1.14.5-2.el9.x86_64
2024-06-08T15:09:54+0200 SUBDEBUG Upgrade: NetworkManager-wwan-1:1.46.0-4.el9_4.x86_64
2024-06-08T15:09:54+0200 SUBDEBUG Upgrade: NetworkManager-team-1:1.46.0-4.el9_4.x86_64
2024-06-08T15:09:54+0200 SUBDEBUG Upgrade: curl-7.76.1-29.el9_4.x86_64
2024-06-08T15:09:54+0200 SUBDEBUG Upgrade: rpm-libs-4.16.1.3-29.el9.x86_64
2024-06-08T15:09:54+0200 SUBDEBUG Upgrade: rpm-4.16.1.3-29.el9.x86_64
2024-06-08T15:09:54+0200 SUBDEBUG Upgrade: policycoreutils-3.6-2.1.el9.x86_64
2024-06-08T15:09:55+0200 SUBDEBUG Upgrade: selinux-policy-38.1.35-2.el9_4.noarch
2024-06-08T15:10:08+0200 SUBDEBUG Upgrade: selinux-policy-targeted-38.1.35-2.el9_4.noarch
2024-06-08T15:10:20+0200 SUBDEBUG Upgrade: container-selinux-3:2.229.0-1.el9_3.noarch
2024-06-08T15:10:30+0200 SUBDEBUG Upgrade: cockpit-ws-311.1-1.el9.x86_64
2024-06-08T15:11:29+0200 SUBDEBUG Upgrade: rpm-sign-libs-4.16.1.3-29.el9.x86_64
2024-06-08T15:11:29+0200 SUBDEBUG Upgrade: rpm-plugin-systemd-inhibit-4.16.1.3-29.el9.x86_64
2024-06-08T15:11:29+0200 SUBDEBUG Upgrade: ostree-libs-2024.4-3.el9_4.x86_64
2024-06-08T15:11:29+0200 SUBDEBUG Upgrade: cups-ipptool-1:2.3.3op2-24.el9.x86_64
2024-06-08T15:11:29+0200 SUBDEBUG Upgrade: libfido2-1.13.0-2.el9.x86_64
2024-06-08T15:11:29+0200 SUBDEBUG Upgrade: wireless-regdb-2023.09.01-1.el9.noarch
2024-06-08T15:11:30+0200 SUBDEBUG Installed: pipewire-jack-audio-connection-kit-libs-1.0.1-1.el9.x86_64
2024-06-08T15:11:30+0200 SUBDEBUG Upgrade: pipewire-gstreamer-1.0.1-1.el9.x86_64
2024-06-08T15:11:30+0200 SUBDEBUG Upgrade: xdg-desktop-portal-1.12.6-1.el9.x86_64
2024-06-08T15:11:30+0200 SUBDEBUG Upgrade: xdg-desktop-portal-gnome-41.2-3.el9.x86_64
2024-06-08T15:11:30+0200 SUBDEBUG Upgrade: cronie-anacron-1.5.7-11.el9.x86_64
2024-06-08T15:11:30+0200 SUBDEBUG Upgrade: cronie-1.5.7-11.el9.x86_64
2024-06-08T15:11:30+0200 SUBDEBUG Upgrade: elfutils-default-yama-scope-0.190-2.el9.noarch
2024-06-08T15:11:30+0200 SUBDEBUG Upgrade: elfutils-libs-0.190-2.el9.x86_64
2024-06-08T15:11:30+0200 SUBDEBUG Upgrade: elfutils-debuginfod-client-0.190-2.el9.x86_64
2024-06-08T15:11:30+0200 SUBDEBUG Upgrade: binutils-gold-2.35.2-43.el9.x86_64
2024-06-08T15:11:30+0200 SUBDEBUG Upgrade: binutils-2.35.2-43.el9.x86_64
2024-06-08T15:11:31+0200 SUBDEBUG Upgrade: rpm-build-libs-4.16.1.3-29.el9.x86_64
2024-06-08T15:11:31+0200 SUBDEBUG Upgrade: python3-rpm-4.16.1.3-29.el9.x86_64
2024-06-08T15:11:31+0200 SUBDEBUG Upgrade: python3-tracer-1.1-2.el9.noarch
2024-06-08T15:11:31+0200 SUBDEBUG Upgrade: initscripts-service-10.11.6-1.el9.noarch
2024-06-08T15:11:31+0200 SUBDEBUG Upgrade: iscsi-initiator-utils-iscsiuio-6.2.1.9-1.gita65a472.el9.x86_64
2024-06-08T15:11:31+0200 SUBDEBUG Upgrade: iscsi-initiator-utils-6.2.1.9-1.gita65a472.el9.x86_64
2024-06-08T15:11:31+0200 SUBDEBUG Upgrade: libkcapi-1.4.0-2.el9.x86_64
2024-06-08T15:11:31+0200 SUBDEBUG Upgrade: libkcapi-hmaccalc-1.4.0-2.el9.x86_64
2024-06-08T15:11:31+0200 SUBDEBUG Upgrade: mdadm-4.2-12.el9_4.x86_64
2024-06-08T15:11:32+0200 SUBDEBUG Upgrade: wpa_supplicant-1:2.10-5.el9.x86_64
2024-06-08T15:11:32+0200 SUBDEBUG Upgrade: NetworkManager-wifi-1:1.46.0-4.el9_4.x86_64
2024-06-08T15:11:32+0200 SUBDEBUG Upgrade: open-vm-tools-12.3.5-2.el9.x86_64
2024-06-08T15:11:32+0200 SUBDEBUG Upgrade: xorg-x11-server-Xorg-1.20.11-24.el9.x86_64
2024-06-08T15:11:32+0200 SUBDEBUG Upgrade: xfsprogs-6.3.0-1.el9.x86_64
2024-06-08T15:11:32+0200 SUBDEBUG Upgrade: sudo-1.9.5p2-10.el9_3.x86_64
2024-06-08T15:11:33+0200 SUBDEBUG Upgrade: sssd-client-2.9.4-6.el9_4.x86_64
2024-06-08T15:11:33+0200 SUBDEBUG Upgrade: sssd-common-2.9.4-6.el9_4.x86_64
2024-06-08T15:11:33+0200 SUBDEBUG Upgrade: sssd-krb5-common-2.9.4-6.el9_4.x86_64
2024-06-08T15:11:33+0200 SUBDEBUG Upgrade: sssd-common-pac-2.9.4-6.el9_4.x86_64
2024-06-08T15:11:33+0200 SUBDEBUG Upgrade: sssd-krb5-2.9.4-6.el9_4.x86_64
2024-06-08T15:11:33+0200 SUBDEBUG Upgrade: sssd-ldap-2.9.4-6.el9_4.x86_64
2024-06-08T15:11:33+0200 SUBDEBUG Upgrade: sssd-proxy-2.9.4-6.el9_4.x86_64
2024-06-08T15:11:33+0200 SUBDEBUG Upgrade: python3-libsemanage-3.6-1.el9.x86_64
2024-06-08T15:11:33+0200 SUBDEBUG Upgrade: ibus-gtk3-1.5.25-5.el9.x86_64
2024-06-08T15:11:33+0200 SUBDEBUG Upgrade: ibus-1.5.25-5.el9.x86_64
2024-06-08T15:11:34+0200 SUBDEBUG Upgrade: ibus-setup-1.5.25-5.el9.noarch
2024-06-08T15:11:35+0200 SUBDEBUG Upgrade: python3-linux-procfs-0.7.3-1.el9.noarch
2024-06-08T15:11:35+0200 SUBDEBUG Upgrade: python3-nftables-1:1.0.9-1.el9.x86_64
2024-06-08T15:11:35+0200 SUBDEBUG Upgrade: python3-firewall-1.3.4-1.el9.noarch
2024-06-08T15:11:35+0200 SUBDEBUG Upgrade: python3-setools-4.4.4-1.el9.x86_64
2024-06-08T15:11:35+0200 SUBDEBUG Upgrade: python3-urllib3-1.26.5-5.el9.noarch
2024-06-08T15:11:35+0200 SUBDEBUG Upgrade: python3-requests-2.25.1-8.el9.noarch
2024-06-08T15:11:35+0200 SUBDEBUG Upgrade: python3-cloud-what-1.29.40-1.el9.x86_64
2024-06-08T15:11:35+0200 SUBDEBUG Upgrade: python3-subscription-manager-rhsm-1.29.40-1.el9.x86_64
2024-06-08T15:11:35+0200 SUBDEBUG Upgrade: sos-4.7.0-1.el9.noarch
2024-06-08T15:11:37+0200 SUBDEBUG Upgrade: kernel-tools-5.14.0-427.20.1.el9_4.x86_64
2024-06-08T15:11:37+0200 SUBDEBUG Upgrade: python3-perf-5.14.0-427.20.1.el9_4.x86_64
2024-06-08T15:11:37+0200 SUBDEBUG Upgrade: power-profiles-daemon-0.13-1.el9.x86_64
2024-06-08T15:11:37+0200 SUBDEBUG Upgrade: python3-audit-3.1.2-2.el9.x86_64
2024-06-08T15:11:37+0200 SUBDEBUG Upgrade: python3-policycoreutils-3.6-2.1.el9.noarch
2024-06-08T15:11:38+0200 SUBDEBUG Upgrade: policycoreutils-python-utils-3.6-2.1.el9.noarch
2024-06-08T15:11:38+0200 SUBDEBUG Upgrade: harfbuzz-icu-2.7.4-10.el9.x86_64
2024-06-08T15:11:38+0200 SUBDEBUG Upgrade: librhsm-0.0.3-7.el9_3.1.x86_64
2024-06-08T15:11:38+0200 SUBDEBUG Upgrade: libdnf-0.69.0-8.el9.x86_64
2024-06-08T15:11:38+0200 SUBDEBUG Upgrade: PackageKit-1.2.6-1.el9.x86_64
2024-06-08T15:11:39+0200 SUBDEBUG Upgrade: python3-libdnf-0.69.0-8.el9.x86_64
2024-06-08T15:11:39+0200 SUBDEBUG Upgrade: python3-hawkey-0.69.0-8.el9.x86_64
2024-06-08T15:11:39+0200 SUBDEBUG Upgrade: python3-dnf-4.14.0-9.el9.noarch
2024-06-08T15:11:39+0200 SUBDEBUG Upgrade: python3-dnf-plugins-core-4.3.0-13.el9.noarch
2024-06-08T15:11:39+0200 SUBDEBUG Upgrade: dnf-4.14.0-9.el9.noarch
2024-06-08T15:11:40+0200 SUBDEBUG Upgrade: cockpit-packagekit-311.1-1.el9.noarch
2024-06-08T15:11:40+0200 SUBDEBUG Upgrade: libdnf-plugin-subscription-manager-1.29.40-1.el9.x86_64
2024-06-08T15:11:40+0200 SUBDEBUG Upgrade: subscription-manager-1.29.40-1.el9.x86_64
2024-06-08T15:11:41+0200 SUBDEBUG Upgrade: gnome-session-40.1.1-9.el9.x86_64
2024-06-08T15:11:41+0200 SUBDEBUG Upgrade: containers-common-2:1-91.el9_4.x86_64
2024-06-08T15:11:41+0200 SUBDEBUG Upgrade: insights-client-3.2.2-2.el9.noarch
2024-06-08T15:11:42+0200 SUBDEBUG Upgrade: avahi-glib-0.8-20.el9.x86_64
2024-06-08T15:11:42+0200 SUBDEBUG Upgrade: conmon-2:2.1.10-1.el9.x86_64
2024-06-08T15:11:42+0200 SUBDEBUG Upgrade: podman-4:4.9.4-3.el9_4.x86_64
2024-06-08T15:11:43+0200 SUBDEBUG Upgrade: webkit2gtk3-jsc-2.42.5-1.el9.x86_64
2024-06-08T15:11:43+0200 SUBDEBUG Upgrade: webkit2gtk3-2.42.5-1.el9.x86_64
2024-06-08T15:11:44+0200 SUBDEBUG Upgrade: nautilus-extensions-40.2-15.el9.x86_64
2024-06-08T15:11:44+0200 SUBDEBUG Upgrade: gnome-menus-3.36.0-9.el9_4.x86_64
2024-06-08T15:11:44+0200 SUBDEBUG Upgrade: device-mapper-multipath-libs-0.8.7-27.el9.x86_64
2024-06-08T15:11:44+0200 SUBDEBUG Upgrade: device-mapper-multipath-0.8.7-27.el9.x86_64
2024-06-08T15:11:44+0200 SUBDEBUG Upgrade: procps-ng-3.3.17-14.el9.x86_64
2024-06-08T15:11:44+0200 SUBDEBUG Upgrade: dracut-057-53.git20240104.el9.x86_64
2024-06-08T15:11:45+0200 SUBDEBUG Installed: kernel-modules-core-5.14.0-427.20.1.el9_4.x86_64
2024-06-08T15:11:48+0200 SUBDEBUG Installed: kernel-core-5.14.0-427.20.1.el9_4.x86_64
2024-06-08T15:11:54+0200 SUBDEBUG Installed: kernel-modules-5.14.0-427.20.1.el9_4.x86_64
2024-06-08T15:12:03+0200 SUBDEBUG Upgrade: grub2-tools-1:2.06-77.el9.x86_64
2024-06-08T15:12:04+0200 SUBDEBUG Upgrade: grubby-8.40-64.el9.x86_64
2024-06-08T15:12:04+0200 SUBDEBUG Upgrade: crypto-policies-scripts-20240202-1.git283706d.el9.noarch
2024-06-08T15:12:04+0200 SUBDEBUG Upgrade: nss-sysinit-3.90.0-7.el9_4.x86_64
2024-06-08T15:12:04+0200 SUBDEBUG Upgrade: nss-3.90.0-7.el9_4.x86_64
2024-06-08T15:12:04+0200 SUBDEBUG Upgrade: evolution-data-server-langpacks-3.40.4-9.el9.noarch
2024-06-08T15:12:04+0200 SUBDEBUG Upgrade: evolution-data-server-3.40.4-9.el9.x86_64
2024-06-08T15:12:04+0200 SUBDEBUG Installed: evolution-data-server-ui-3.40.4-9.el9.x86_64
2024-06-08T15:12:04+0200 SUBDEBUG Upgrade: poppler-21.01.0-19.el9.x86_64
2024-06-08T15:12:05+0200 SUBDEBUG Upgrade: gnome-settings-daemon-40.0.1-16.el9.x86_64
2024-06-08T15:12:05+0200 SUBDEBUG Upgrade: gnome-control-center-40.0-30.el9.x86_64
2024-06-08T15:12:06+0200 SUBDEBUG Upgrade: poppler-cpp-21.01.0-19.el9.x86_64
2024-06-08T15:12:06+0200 SUBDEBUG Upgrade: poppler-glib-21.01.0-19.el9.x86_64
2024-06-08T15:12:06+0200 SUBDEBUG Upgrade: tracker-miners-3.1.2-4.el9_3.x86_64
2024-06-08T15:12:06+0200 SUBDEBUG Upgrade: nautilus-40.2-15.el9.x86_64
2024-06-08T15:12:07+0200 SUBDEBUG Upgrade: poppler-utils-21.01.0-19.el9.x86_64
2024-06-08T15:12:07+0200 SUBDEBUG Upgrade: cups-filters-1.28.7-15.el9.x86_64
2024-06-08T15:12:07+0200 SUBDEBUG Upgrade: dracut-network-057-53.git20240104.el9.x86_64
2024-06-08T15:12:07+0200 SUBDEBUG Upgrade: dracut-squash-057-53.git20240104.el9.x86_64
2024-06-08T15:12:07+0200 SUBDEBUG Upgrade: kexec-tools-2.0.27-8.el9.x86_64
2024-06-08T15:12:07+0200 SUBDEBUG Upgrade: cockpit-system-311.1-1.el9.noarch
2024-06-08T15:12:08+0200 SUBDEBUG Upgrade: cockpit-storaged-311.1-1.el9.noarch
2024-06-08T15:12:08+0200 SUBDEBUG Upgrade: libnvme-1.6-1.el9.x86_64
2024-06-08T15:12:08+0200 SUBDEBUG Upgrade: xorg-x11-server-Xwayland-22.1.9-5.el9.x86_64
2024-06-08T15:12:08+0200 SUBDEBUG Upgrade: gnome-session-xsession-40.1.1-9.el9.x86_64
2024-06-08T15:12:08+0200 SUBDEBUG Upgrade: gnome-shell-40.10-18.el9_4.x86_64
2024-06-08T15:12:08+0200 SUBDEBUG Upgrade: gnome-session-wayland-session-40.1.1-9.el9.x86_64
2024-06-08T15:12:08+0200 SUBDEBUG Upgrade: gdm-1:40.1-23.el9.x86_64
2024-06-08T15:12:09+0200 SUBDEBUG Upgrade: gnome-shell-extension-common-40.7-15.el9_4.noarch
2024-06-08T15:12:09+0200 SUBDEBUG Upgrade: gnome-shell-extension-apps-menu-40.7-15.el9_4.noarch
2024-06-08T15:12:09+0200 SUBDEBUG Upgrade: gnome-shell-extension-desktop-icons-40.7-15.el9_4.noarch
2024-06-08T15:12:09+0200 SUBDEBUG Upgrade: gnome-shell-extension-launch-new-instance-40.7-15.el9_4.noarch
2024-06-08T15:12:09+0200 SUBDEBUG Upgrade: gnome-shell-extension-places-menu-40.7-15.el9_4.noarch
2024-06-08T15:12:09+0200 SUBDEBUG Upgrade: gnome-shell-extension-window-list-40.7-15.el9_4.noarch
2024-06-08T15:12:09+0200 SUBDEBUG Upgrade: bind-libs-32:9.16.23-18.el9_4.1.x86_64
2024-06-08T15:12:09+0200 SUBDEBUG Upgrade: bind-utils-32:9.16.23-18.el9_4.1.x86_64
2024-06-08T15:12:09+0200 SUBDEBUG Upgrade: sssd-ad-2.9.4-6.el9_4.x86_64
2024-06-08T15:12:09+0200 SUBDEBUG Upgrade: sssd-ipa-2.9.4-6.el9_4.x86_64
2024-06-08T15:12:09+0200 SUBDEBUG Upgrade: sssd-2.9.4-6.el9_4.x86_64
2024-06-08T15:12:09+0200 SUBDEBUG Upgrade: gnome-classic-session-40.7-15.el9_4.noarch
2024-06-08T15:12:09+0200 SUBDEBUG Upgrade: nvme-cli-2.6-5.el9.x86_64
2024-06-08T15:12:11+0200 SUBDEBUG Upgrade: cockpit-311.1-1.el9.x86_64
2024-06-08T15:12:11+0200 SUBDEBUG Upgrade: cups-1:2.3.3op2-24.el9.x86_64
2024-06-08T15:12:13+0200 SUBDEBUG Upgrade: libblockdev-crypto-2.28-10.el9.x86_64
2024-06-08T15:12:13+0200 SUBDEBUG Upgrade: libfprint-1.94.6-1.el9.x86_64
2024-06-08T15:12:13+0200 SUBDEBUG Upgrade: firefox-115.11.0-1.el9_4.x86_64
2024-06-08T15:12:16+0200 SUBDEBUG Upgrade: grub2-efi-x64-1:2.06-77.el9.x86_64
2024-06-08T15:12:16+0200 SUBDEBUG Installed: kernel-5.14.0-427.20.1.el9_4.x86_64
2024-06-08T15:12:16+0200 SUBDEBUG Upgrade: kmod-kvdo-8.2.3.3-117.el9.x86_64
2024-06-08T15:12:17+0200 SUBDEBUG Upgrade: dracut-config-rescue-057-53.git20240104.el9.x86_64
2024-06-08T15:12:17+0200 SUBDEBUG Upgrade: ostree-2024.4-3.el9_4.x86_64
2024-06-08T15:12:17+0200 SUBDEBUG Upgrade: cockpit-podman-84.1-1.el9.noarch
2024-06-08T15:12:17+0200 SUBDEBUG Upgrade: rhc-1:0.2.4-5.el9.x86_64
2024-06-08T15:12:29+0200 SUBDEBUG Upgrade: buildah-2:1.33.7-1.el9_4.x86_64
2024-06-08T15:12:30+0200 SUBDEBUG Upgrade: tuned-2.22.1-1.el9.noarch
2024-06-08T15:12:30+0200 SUBDEBUG Upgrade: yum-4.14.0-9.el9.noarch
2024-06-08T15:12:30+0200 SUBDEBUG Upgrade: dnf-plugins-core-4.3.0-13.el9.noarch
2024-06-08T15:12:31+0200 SUBDEBUG Upgrade: PackageKit-command-not-found-1.2.6-1.el9.x86_64
2024-06-08T15:12:31+0200 SUBDEBUG Upgrade: firewalld-1.3.4-1.el9.noarch
2024-06-08T15:12:31+0200 SUBDEBUG Upgrade: sssd-kcm-2.9.4-6.el9_4.x86_64
2024-06-08T15:12:31+0200 SUBDEBUG Upgrade: xfsdump-3.1.12-4.el9_3.x86_64
2024-06-08T15:12:31+0200 SUBDEBUG Upgrade: open-vm-tools-desktop-12.3.5-2.el9.x86_64
2024-06-08T15:12:32+0200 SUBDEBUG Upgrade: libblockdev-mdraid-2.28-10.el9.x86_64
2024-06-08T15:12:32+0200 SUBDEBUG Upgrade: audit-3.1.2-2.el9.x86_64
2024-06-08T15:12:33+0200 SUBDEBUG Upgrade: pipewire-jack-audio-connection-kit-1.0.1-1.el9.x86_64
2024-06-08T15:12:33+0200 SUBDEBUG Upgrade: openssh-clients-8.7p1-38.el9.x86_64
2024-06-08T15:12:33+0200 SUBDEBUG Upgrade: rpm-plugin-selinux-4.16.1.3-29.el9.x86_64
2024-06-08T15:12:33+0200 SUBDEBUG Upgrade: rpm-plugin-audit-4.16.1.3-29.el9.x86_64
2024-06-08T15:12:33+0200 SUBDEBUG Upgrade: NetworkManager-bluetooth-1:1.46.0-4.el9_4.x86_64
2024-06-08T15:12:33+0200 SUBDEBUG Upgrade: shim-x64-15.8-4.el9_3.x86_64
2024-06-08T15:12:33+0200 SUBDEBUG Upgrade: rsyslog-gssapi-8.2310.0-4.el9.x86_64
2024-06-08T15:12:33+0200 SUBDEBUG Upgrade: rsyslog-gnutls-8.2310.0-4.el9.x86_64
2024-06-08T15:12:33+0200 SUBDEBUG Upgrade: rsyslog-relp-8.2310.0-4.el9.x86_64
2024-06-08T15:12:33+0200 SUBDEBUG Upgrade: NetworkManager-adsl-1:1.46.0-4.el9_4.x86_64
2024-06-08T15:12:33+0200 SUBDEBUG Upgrade: NetworkManager-tui-1:1.46.0-4.el9_4.x86_64
2024-06-08T15:12:33+0200 SUBDEBUG Upgrade: systemd-container-252-32.el9_4.x86_64
2024-06-08T15:12:33+0200 SUBDEBUG Upgrade: openssh-server-8.7p1-38.el9.x86_64
2024-06-08T15:12:33+0200 SUBDEBUG Upgrade: avahi-tools-0.8-20.el9.x86_64
2024-06-08T15:12:33+0200 SUBDEBUG Installed: grub2-tools-extra-1:2.06-77.el9.x86_64
2024-06-08T15:12:33+0200 SUBDEBUG Installed: grub2-tools-efi-1:2.06-77.el9.x86_64
2024-06-08T15:12:33+0200 SUBDEBUG Upgrade: pipewire-alsa-1.0.1-1.el9.x86_64
2024-06-08T15:12:33+0200 SUBDEBUG Upgrade: pipewire-pulseaudio-1.0.1-1.el9.x86_64
2024-06-08T15:12:34+0200 SUBDEBUG Upgrade: pipewire-utils-1.0.1-1.el9.x86_64
2024-06-08T15:12:34+0200 SUBDEBUG Upgrade: microcode_ctl-4:20230808-2.20231009.1.el9_3.noarch
2024-06-08T15:12:46+0200 SUBDEBUG Upgrade: chrony-4.5-1.el9.x86_64
2024-06-08T15:12:47+0200 SUBDEBUG Upgrade: mcelog-3:195-0.el9.x86_64
2024-06-08T15:12:47+0200 SUBDEBUG Upgrade: smartmontools-1:7.2-9.el9.x86_64
2024-06-08T15:12:47+0200 SUBDEBUG Upgrade: qemu-guest-agent-17:8.2.0-11.el9_4.x86_64
2024-06-08T15:12:47+0200 SUBDEBUG Upgrade: dnsmasq-2.85-16.el9_4.x86_64
2024-06-08T15:12:47+0200 SUBDEBUG Upgrade: rasdaemon-0.6.7-9.el9.x86_64
2024-06-08T15:12:47+0200 SUBDEBUG Upgrade: alsa-utils-1.2.10-1.el9.x86_64
2024-06-08T15:12:47+0200 SUBDEBUG Upgrade: util-linux-user-2.37.4-18.el9.x86_64
2024-06-08T15:12:47+0200 SUBDEBUG Upgrade: libblockdev-part-2.28-10.el9.x86_64
2024-06-08T15:12:47+0200 SUBDEBUG Upgrade: libblockdev-swap-2.28-10.el9.x86_64
2024-06-08T15:12:47+0200 SUBDEBUG Upgrade: gstreamer1-plugins-good-gtk-1.22.1-2.el9.x86_64
2024-06-08T15:12:47+0200 SUBDEBUG Upgrade: librsvg2-tools-2.50.7-3.el9.x86_64
2024-06-08T15:12:47+0200 SUBDEBUG Upgrade: python3-libxml2-2.9.13-6.el9_4.x86_64
2024-06-08T15:12:47+0200 SUBDEBUG Upgrade: PackageKit-gstreamer-plugin-1.2.6-1.el9.x86_64
2024-06-08T15:12:47+0200 SUBDEBUG Upgrade: PackageKit-gtk3-module-1.2.6-1.el9.x86_64
2024-06-08T15:12:47+0200 SUBDEBUG Upgrade: libblockdev-2.28-10.el9.x86_64
2024-06-08T15:12:47+0200 SUBDEBUG Upgrade: libblockdev-fs-2.28-10.el9.x86_64
2024-06-08T15:12:47+0200 SUBDEBUG Upgrade: libblockdev-loop-2.28-10.el9.x86_64
2024-06-08T15:12:47+0200 SUBDEBUG Upgrade: libblockdev-lvm-2.28-10.el9.x86_64
2024-06-08T15:12:47+0200 SUBDEBUG Upgrade: sushi-3.38.1-2.el9_4.1.x86_64
2024-06-08T15:12:48+0200 SUBDEBUG Upgrade: realmd-0.17.1-2.el9.x86_64
2024-06-08T15:12:48+0200 SUBDEBUG Upgrade: initscripts-rename-device-10.11.6-1.el9.x86_64
2024-06-08T15:12:48+0200 SUBDEBUG Upgrade: e2fsprogs-1.46.5-5.el9.x86_64
2024-06-08T15:12:48+0200 SUBDEBUG Upgrade: openldap-compat-2.6.6-3.el9.x86_64
2024-06-08T15:12:48+0200 SUBDEBUG Upgrade: p11-kit-server-0.25.3-2.el9.x86_64
2024-06-08T15:12:48+0200 SUBDEBUG Upgrade: net-snmp-libs-1:5.9.1-13.el9.x86_64
2024-06-08T15:12:48+0200 SUBDEBUG Upgrade: tcpdump-14:4.99.0-9.el9.x86_64
2024-06-08T15:12:48+0200 SUBDEBUG Upgrade: setup-2.13.7-10.el9.noarch
2024-06-08T15:12:48+0200 INFO warning: /etc/shadow created as /etc/shadow.rpmnew

2024-06-08T15:12:48+0200 SUBDEBUG Upgrade: libXpm-3.5.13-10.el9.x86_64
2024-06-08T15:12:48+0200 SUBDEBUG Upgrade: mesa-libGL-23.3.3-1.el9.x86_64
2024-06-08T15:12:48+0200 SUBDEBUG Upgrade: mesa-dri-drivers-23.3.3-1.el9.x86_64
2024-06-08T15:12:49+0200 SUBDEBUG Upgrade: perl-FileHandle-2.03-481.el9.noarch
2024-06-08T15:12:49+0200 SUBDEBUG Upgrade: perl-HTTP-Tiny-0.076-462.el9.noarch
2024-06-08T15:12:49+0200 SUBDEBUG Upgrade: perl-IPC-Open3-1.21-481.el9.noarch
2024-06-08T15:12:49+0200 SUBDEBUG Upgrade: perl-Math-Complex-1.59-481.el9.noarch
2024-06-08T15:12:49+0200 SUBDEBUG Upgrade: perl-B-1.80-481.el9.x86_64
2024-06-08T15:12:49+0200 SUBDEBUG Upgrade: perl-locale-1.09-481.el9.noarch
2024-06-08T15:12:49+0200 SUBDEBUG Upgrade: perl-AutoLoader-5.74-481.el9.noarch
2024-06-08T15:12:49+0200 SUBDEBUG Upgrade: perl-if-0.60.800-481.el9.noarch
2024-06-08T15:12:49+0200 SUBDEBUG Upgrade: perl-Getopt-Std-1.12-481.el9.noarch
2024-06-08T15:12:49+0200 SUBDEBUG Upgrade: perl-base-2.27-481.el9.noarch
2024-06-08T15:12:49+0200 SUBDEBUG Upgrade: perl-vars-1.05-481.el9.noarch
2024-06-08T15:12:49+0200 SUBDEBUG Upgrade: perl-DynaLoader-1.47-481.el9.x86_64
2024-06-08T15:12:49+0200 SUBDEBUG Upgrade: perl-subs-1.03-481.el9.noarch
2024-06-08T15:12:49+0200 SUBDEBUG Upgrade: librdmacm-48.0-1.el9.x86_64
2024-06-08T15:12:49+0200 SUBDEBUG Upgrade: gnutls-utils-3.8.3-4.el9_4.x86_64
2024-06-08T15:12:49+0200 SUBDEBUG Upgrade: osinfo-db-20231215-1.el9.noarch
2024-06-08T15:12:51+0200 SUBDEBUG Upgrade: iproute-tc-6.2.0-6.el9_4.x86_64
2024-06-08T15:12:51+0200 SUBDEBUG Upgrade: mesa-libEGL-23.3.3-1.el9.x86_64
2024-06-08T15:12:51+0200 SUBDEBUG Upgrade: mesa-libxatracker-23.3.3-1.el9.x86_64
2024-06-08T15:12:51+0200 SUBDEBUG Upgrade: libnl3-cli-3.9.0-1.el9.x86_64
2024-06-08T15:12:51+0200 SUBDEBUG Upgrade: bpftool-7.3.0-427.20.1.el9_4.x86_64
2024-06-08T15:12:51+0200 SUBDEBUG Upgrade: bash-completion-1:2.11-5.el9.noarch
2024-06-08T15:12:52+0200 SUBDEBUG Upgrade: less-590-4.el9_4.x86_64
2024-06-08T15:12:52+0200 SUBDEBUG Upgrade: device-mapper-persistent-data-1.0.9-3.el9_4.x86_64
2024-06-08T15:12:52+0200 SUBDEBUG Upgrade: texlive-lib-9:20200406-26.el9_2.x86_64
2024-06-08T15:12:52+0200 SUBDEBUG Upgrade: cpp-11.4.1-3.el9.x86_64
2024-06-08T15:12:52+0200 SUBDEBUG Upgrade: pcre2-utf32-10.40-5.el9.x86_64
2024-06-08T15:12:52+0200 SUBDEBUG Upgrade: google-noto-sans-cjk-ttc-fonts-20230817-2.el9.noarch
2024-06-08T15:12:54+0200 SUBDEBUG Upgrade: google-noto-serif-cjk-ttc-fonts-20230817-2.el9.noarch
2024-06-08T15:12:57+0200 SUBDEBUG Upgrade: liberation-sans-fonts-1:2.1.3-5.el9.noarch
2024-06-08T15:12:58+0200 SUBDEBUG Upgrade: liberation-serif-fonts-1:2.1.3-5.el9.noarch
2024-06-08T15:12:58+0200 SUBDEBUG Upgrade: iwl100-firmware-39.31.5.1-143.el9.noarch
2024-06-08T15:12:58+0200 SUBDEBUG Upgrade: iwl135-firmware-18.168.6.1-143.el9.noarch
2024-06-08T15:12:58+0200 SUBDEBUG Upgrade: iwl2000-firmware-18.168.6.1-143.el9.noarch
2024-06-08T15:12:58+0200 SUBDEBUG Upgrade: iwl2030-firmware-18.168.6.1-143.el9.noarch
2024-06-08T15:12:58+0200 SUBDEBUG Upgrade: iwl3160-firmware-1:25.30.13.0-143.el9.noarch
2024-06-08T15:12:58+0200 SUBDEBUG Upgrade: iwl5000-firmware-8.83.5.1_1-143.el9.noarch
2024-06-08T15:12:58+0200 SUBDEBUG Upgrade: iwl5150-firmware-8.24.2.2-143.el9.noarch
2024-06-08T15:12:58+0200 SUBDEBUG Upgrade: iwl6000g2a-firmware-18.168.6.1-143.el9.noarch
2024-06-08T15:12:58+0200 SUBDEBUG Upgrade: iwl6000g2b-firmware-18.168.6.1-143.el9.noarch
2024-06-08T15:12:58+0200 SUBDEBUG Upgrade: iwl7260-firmware-1:25.30.13.0-143.el9.noarch
2024-06-08T15:12:59+0200 SUBDEBUG Upgrade: libertas-sd8787-firmware-20240219-143.el9.noarch
2024-06-08T15:12:59+0200 SUBDEBUG Upgrade: netronome-firmware-20240219-143.el9.noarch
2024-06-08T15:12:59+0200 SUBDEBUG Upgrade: iwl1000-firmware-1:39.31.5.1-143.el9.noarch
2024-06-08T15:12:59+0200 SUBDEBUG Upgrade: iwl105-firmware-18.168.6.1-143.el9.noarch
2024-06-08T15:12:59+0200 SUBDEBUG Upgrade: iwl6050-firmware-41.28.5.1-143.el9.noarch
2024-06-08T15:12:59+0200 SUBDEBUG Upgrade: NetworkManager-config-server-1:1.46.0-4.el9_4.noarch
2024-06-08T15:12:59+0200 SUBDEBUG Upgraded: tuned-2.21.0-1.el9_3.noarch
2024-06-08T15:13:00+0200 SUBDEBUG Upgraded: microcode_ctl-4:20230808-2.el9.noarch
2024-06-08T15:13:02+0200 SUBDEBUG Upgraded: firefox-115.3.1-1.el9_2.x86_64
2024-06-08T15:13:02+0200 SUBDEBUG Upgraded: ostree-2023.6-1.el9.x86_64
2024-06-08T15:13:02+0200 SUBDEBUG Upgraded: mesa-dri-drivers-23.1.4-1.el9.x86_64
2024-06-08T15:13:02+0200 SUBDEBUG Upgraded: cups-1:2.3.3op2-21.el9.x86_64
2024-06-08T15:13:02+0200 SUBDEBUG Upgraded: cups-filters-1.28.7-13.el9.x86_64
2024-06-08T15:13:03+0200 SUBDEBUG Upgraded: python3-libxml2-2.9.13-4.el9.x86_64
2024-06-08T15:13:03+0200 SUBDEBUG Upgraded: NetworkManager-tui-1:1.44.0-3.el9.x86_64
2024-06-08T15:13:03+0200 SUBDEBUG Upgraded: qemu-guest-agent-17:8.0.0-16.el9_3.x86_64
2024-06-08T15:13:03+0200 SUBDEBUG Upgraded: systemd-container-252-18.el9.x86_64
2024-06-08T15:13:03+0200 SUBDEBUG Upgraded: mesa-libxatracker-23.1.4-1.el9.x86_64
2024-06-08T15:13:03+0200 SUBDEBUG Upgraded: openssh-server-8.7p1-34.el9.x86_64
2024-06-08T15:13:03+0200 SUBDEBUG Upgraded: open-vm-tools-desktop-12.2.5-3.el9_3.x86_64
2024-06-08T15:13:03+0200 SUBDEBUG Upgraded: open-vm-tools-12.2.5-3.el9_3.x86_64
2024-06-08T15:13:03+0200 SUBDEBUG Upgraded: alsa-utils-1.2.9-1.el9.x86_64
2024-06-08T15:13:03+0200 SUBDEBUG Upgraded: sssd-kcm-2.9.1-2.el9.x86_64
2024-06-08T15:13:05+0200 SUBDEBUG Upgraded: smartmontools-1:7.2-7.el9.x86_64
2024-06-08T15:13:05+0200 SUBDEBUG Upgraded: gnutls-utils-3.7.6-23.el9.x86_64
2024-06-08T15:13:05+0200 SUBDEBUG Upgraded: iscsi-initiator-utils-6.2.1.4-3.git2a8f9d8.el9.x86_64
2024-06-08T15:13:05+0200 SUBDEBUG Upgraded: chrony-4.3-1.el9.x86_64
2024-06-08T15:13:05+0200 SUBDEBUG Upgraded: libblockdev-crypto-2.28-7.el9.x86_64
2024-06-08T15:13:05+0200 SUBDEBUG Upgraded: audit-3.0.7-104.el9.x86_64
2024-06-08T15:13:06+0200 SUBDEBUG Upgraded: ostree-libs-2023.6-1.el9.x86_64
2024-06-08T15:13:06+0200 SUBDEBUG Upgraded: e2fsprogs-1.46.5-3.el9.x86_64
2024-06-08T15:13:06+0200 SUBDEBUG Upgraded: poppler-utils-21.01.0-18.el9.x86_64
2024-06-08T15:13:06+0200 SUBDEBUG Upgraded: libblockdev-fs-2.28-7.el9.x86_64
2024-06-08T15:13:06+0200 SUBDEBUG Upgraded: nvme-cli-2.4-10.el9.x86_64
2024-06-08T15:13:06+0200 SUBDEBUG Upgraded: iproute-tc-6.2.0-5.el9.x86_64
2024-06-08T15:13:06+0200 SUBDEBUG Upgraded: cronie-1.5.7-8.el9.x86_64
2024-06-08T15:13:06+0200 SUBDEBUG Upgraded: kernel-tools-5.14.0-362.8.1.el9_3.x86_64
2024-06-08T15:13:06+0200 SUBDEBUG Upgraded: dnsmasq-2.85-14.el9.x86_64
2024-06-08T15:13:06+0200 SUBDEBUG Upgraded: openssh-clients-8.7p1-34.el9.x86_64
2024-06-08T15:13:06+0200 SUBDEBUG Upgraded: librdmacm-46.0-1.el9.x86_64
2024-06-08T15:13:06+0200 SUBDEBUG Upgraded: p11-kit-server-0.24.1-2.el9.x86_64
2024-06-08T15:13:06+0200 SUBDEBUG Upgraded: bpftool-7.2.0-362.8.1.el9_3.x86_64
2024-06-08T15:13:06+0200 SUBDEBUG Upgraded: libnl3-cli-3.7.0-1.el9.x86_64
2024-06-08T15:13:07+0200 SUBDEBUG Upgraded: device-mapper-persistent-data-1.0.6-3.el9_3.x86_64
2024-06-08T15:13:07+0200 SUBDEBUG Upgraded: openssh-8.7p1-34.el9.x86_64
2024-06-08T15:13:07+0200 SUBDEBUG Upgraded: buildah-1:1.31.3-1.el9.x86_64
2024-06-08T15:13:07+0200 SUBDEBUG Upgraded: pipewire-utils-0.3.67-2.el9.x86_64
2024-06-08T15:13:07+0200 SUBDEBUG Upgraded: rasdaemon-0.6.7-8.el9.x86_64
2024-06-08T15:13:07+0200 SUBDEBUG Upgraded: mesa-libEGL-23.1.4-1.el9.x86_64
2024-06-08T15:13:07+0200 SUBDEBUG Upgraded: xfsdump-3.1.12-3.el9.x86_64
2024-06-08T15:13:07+0200 SUBDEBUG Upgraded: firewalld-1.2.1-1.el9.noarch
2024-06-08T15:13:07+0200 SUBDEBUG Upgraded: xfsprogs-5.19.0-4.el9.x86_64
2024-06-08T15:13:07+0200 SUBDEBUG Upgraded: iscsi-initiator-utils-iscsiuio-6.2.1.4-3.git2a8f9d8.el9.x86_64
2024-06-08T15:13:07+0200 SUBDEBUG Upgraded: mesa-libGL-23.1.4-1.el9.x86_64
2024-06-08T15:13:07+0200 SUBDEBUG Upgraded: libfprint-1.94.5-1.el9.x86_64
2024-06-08T15:13:07+0200 SUBDEBUG Upgraded: libibverbs-46.0-1.el9.x86_64
2024-06-08T15:13:07+0200 SUBDEBUG Upgraded: texlive-lib-9:20200406-26.el9.x86_64
2024-06-08T15:13:07+0200 SUBDEBUG Upgraded: mcelog-3:194-0.el9.x86_64
2024-06-08T15:13:07+0200 SUBDEBUG Upgraded: libfido2-1.13.0-1.el9.x86_64
2024-06-08T15:13:07+0200 SUBDEBUG Upgraded: poppler-cpp-21.01.0-18.el9.x86_64
2024-06-08T15:13:07+0200 SUBDEBUG Upgraded: libblockdev-lvm-2.28-7.el9.x86_64
2024-06-08T15:13:07+0200 SUBDEBUG Upgraded: net-snmp-libs-1:5.9.1-11.el9.x86_64
2024-06-08T15:13:08+0200 SUBDEBUG Upgraded: realmd-0.17.1-1.el9.x86_64
2024-06-08T15:13:08+0200 SUBDEBUG Upgraded: cups-filters-libs-1.28.7-13.el9.x86_64
2024-06-08T15:13:08+0200 SUBDEBUG Upgraded: libnvme-1.4-7.el9.x86_64
2024-06-08T15:13:08+0200 SUBDEBUG Upgraded: python3-perf-5.14.0-362.8.1.el9_3.x86_64
2024-06-08T15:13:08+0200 SUBDEBUG Upgraded: libblockdev-mdraid-2.28-7.el9.x86_64
2024-06-08T15:13:08+0200 SUBDEBUG Upgraded: mdadm-4.2-9.el9.x86_64
2024-06-08T15:13:08+0200 SUBDEBUG Upgraded: cpp-11.4.1-2.1.el9.x86_64
2024-06-08T15:13:08+0200 SUBDEBUG Upgraded: NetworkManager-bluetooth-1:1.44.0-3.el9.x86_64
2024-06-08T15:13:08+0200 SUBDEBUG Upgraded: e2fsprogs-libs-1.46.5-3.el9.x86_64
2024-06-08T15:13:08+0200 SUBDEBUG Upgraded: PackageKit-command-not-found-1.2.4-2.el9.x86_64
2024-06-08T15:13:08+0200 SUBDEBUG Upgraded: libblockdev-swap-2.28-7.el9.x86_64
2024-06-08T15:13:08+0200 SUBDEBUG Upgraded: libblockdev-part-2.28-7.el9.x86_64
2024-06-08T15:13:08+0200 SUBDEBUG Upgraded: libblockdev-2.28-7.el9.x86_64
2024-06-08T15:13:08+0200 SUBDEBUG Upgraded: util-linux-user-2.37.4-15.el9.x86_64
2024-06-08T15:13:08+0200 SUBDEBUG Upgraded: rpm-plugin-selinux-4.16.1.3-25.el9.x86_64
2024-06-08T15:13:08+0200 SUBDEBUG Upgraded: NetworkManager-wwan-1:1.44.0-3.el9.x86_64
2024-06-08T15:13:08+0200 SUBDEBUG Upgraded: gnutls-dane-3.7.6-23.el9.x86_64
2024-06-08T15:13:08+0200 SUBDEBUG Upgraded: cups-ipptool-1:2.3.3op2-21.el9.x86_64
2024-06-08T15:13:08+0200 SUBDEBUG Upgraded: tcpdump-14:4.99.0-7.el9.x86_64
2024-06-08T15:13:08+0200 SUBDEBUG Upgraded: cronie-anacron-1.5.7-8.el9.x86_64
2024-06-08T15:13:08+0200 SUBDEBUG Upgraded: sushi-3.38.1-2.el9.x86_64
2024-06-08T15:13:08+0200 SUBDEBUG Upgraded: perl-B-1.80-480.el9.x86_64
2024-06-08T15:13:08+0200 SUBDEBUG Upgraded: librsvg2-tools-2.50.7-2.el9.x86_64
2024-06-08T15:13:08+0200 SUBDEBUG Upgraded: libblockdev-loop-2.28-7.el9.x86_64
2024-06-08T15:13:08+0200 SUBDEBUG Upgraded: libblockdev-utils-2.28-7.el9.x86_64
2024-06-08T15:13:08+0200 SUBDEBUG Upgraded: PackageKit-gstreamer-plugin-1.2.4-2.el9.x86_64
2024-06-08T15:13:09+0200 SUBDEBUG Upgraded: jq-1.6-15.el9.x86_64
2024-06-08T15:13:09+0200 SUBDEBUG Upgraded: numactl-libs-2.0.16-1.el9.x86_64
2024-06-08T15:13:09+0200 SUBDEBUG Upgraded: rhc-1:0.2.4-3.el9_3.x86_64
2024-06-08T15:13:09+0200 SUBDEBUG Upgraded: insights-client-3.2.2-1.el9_3.noarch
2024-06-08T15:13:09+0200 SUBDEBUG Upgraded: rpm-plugin-audit-4.16.1.3-25.el9.x86_64
2024-06-08T15:13:09+0200 SUBDEBUG Upgraded: libss-1.46.5-3.el9.x86_64
2024-06-08T15:13:09+0200 SUBDEBUG Upgraded: cups-client-1:2.3.3op2-21.el9.x86_64
2024-06-08T15:13:09+0200 SUBDEBUG Upgraded: avahi-tools-0.8-15.el9.x86_64
2024-06-08T15:13:09+0200 SUBDEBUG Upgraded: avahi-0.8-15.el9.x86_64
2024-06-08T15:13:09+0200 SUBDEBUG Upgraded: libXpm-3.5.13-8.el9_1.x86_64
2024-06-08T15:13:09+0200 SUBDEBUG Upgraded: PackageKit-gtk3-module-1.2.4-2.el9.x86_64
2024-06-08T15:13:09+0200 SUBDEBUG Upgraded: less-590-2.el9_2.x86_64
2024-06-08T15:13:09+0200 SUBDEBUG Upgraded: ghostscript-9.54.0-13.el9.x86_64
2024-06-08T15:13:09+0200 SUBDEBUG Upgraded: libgs-9.54.0-13.el9.x86_64
2024-06-08T15:13:09+0200 SUBDEBUG Upgraded: rsyslog-gnutls-8.2102.0-117.el9.x86_64
2024-06-08T15:13:09+0200 SUBDEBUG Upgraded: initscripts-rename-device-10.11.5-1.el9.x86_64
2024-06-08T15:13:09+0200 SUBDEBUG Upgraded: NetworkManager-adsl-1:1.44.0-3.el9.x86_64
2024-06-08T15:13:09+0200 SUBDEBUG Upgraded: perl-IPC-Open3-1.21-480.el9.noarch
2024-06-08T15:13:09+0200 SUBDEBUG Upgraded: perl-HTTP-Tiny-0.076-461.el9.noarch
2024-06-08T15:13:09+0200 SUBDEBUG Upgraded: perl-File-Find-1.37-480.el9.noarch
2024-06-08T15:13:09+0200 SUBDEBUG Upgraded: gnome-classic-session-40.7-8.el9.noarch
2024-06-08T15:13:12+0200 SUBDEBUG Upgraded: sssd-2.9.1-2.el9.x86_64
2024-06-08T15:13:12+0200 SUBDEBUG Upgraded: perl-File-Basename-2.85-480.el9.noarch
2024-06-08T15:13:12+0200 SUBDEBUG Upgraded: perl-FileHandle-2.03-480.el9.noarch
2024-06-08T15:13:12+0200 SUBDEBUG Upgraded: perl-Math-Complex-1.59-480.el9.noarch
2024-06-08T15:13:12+0200 SUBDEBUG Upgraded: cockpit-300.1-1.el9_3.x86_64
2024-06-08T15:13:12+0200 SUBDEBUG Upgraded: initscripts-service-10.11.5-1.el9.noarch
2024-06-08T15:13:12+0200 SUBDEBUG Upgraded: perl-vars-1.05-480.el9.noarch
2024-06-08T15:13:12+0200 SUBDEBUG Upgraded: kmod-kvdo-8.2.1.6-98.el9.x86_64
2024-06-08T15:14:30+0200 SUBDEBUG Upgraded: cockpit-packagekit-300.1-1.el9_3.noarch
2024-06-08T15:14:30+0200 SUBDEBUG Upgraded: python3-tracer-0.7.5-4.el9.noarch
2024-06-08T15:14:30+0200 SUBDEBUG Upgraded: cockpit-storaged-300.1-1.el9_3.noarch
2024-06-08T15:14:30+0200 SUBDEBUG Upgraded: cockpit-system-300.1-1.el9_3.noarch
2024-06-08T15:14:30+0200 SUBDEBUG Upgraded: sos-4.6.0-2.el9.noarch
2024-06-08T15:14:31+0200 SUBDEBUG Upgraded: python3-linux-procfs-0.7.1-1.el9.noarch
2024-06-08T15:14:31+0200 SUBDEBUG Upgraded: perl-locale-1.09-480.el9.noarch
2024-06-08T15:14:31+0200 SUBDEBUG Upgraded: perl-base-2.27-480.el9.noarch
2024-06-08T15:14:31+0200 SUBDEBUG Upgraded: gnome-session-xsession-40.1.1-8.el9.x86_64
2024-06-08T15:14:31+0200 SUBDEBUG Upgraded: perl-AutoLoader-5.74-480.el9.noarch
2024-06-08T15:14:31+0200 SUBDEBUG Upgraded: grub2-efi-x64-1:2.06-70.el9_3.1.x86_64
2024-06-08T15:14:31+0200 SUBDEBUG Upgraded: python3-file-magic-5.39-14.el9.noarch
2024-06-08T15:14:31+0200 SUBDEBUG Upgraded: gnome-shell-extension-apps-menu-40.7-8.el9.noarch
2024-06-08T15:14:31+0200 SUBDEBUG Upgraded: python3-firewall-1.2.1-1.el9.noarch
2024-06-08T15:14:31+0200 SUBDEBUG Upgraded: python3-nftables-1:1.0.4-11.el9_3.x86_64
2024-06-08T15:14:31+0200 SUBDEBUG Upgraded: perl-subs-1.03-480.el9.noarch
2024-06-08T15:14:31+0200 SUBDEBUG Upgraded: perl-DynaLoader-1.47-480.el9.x86_64
2024-06-08T15:14:31+0200 SUBDEBUG Upgraded: perl-Getopt-Std-1.12-480.el9.noarch
2024-06-08T15:14:31+0200 SUBDEBUG Upgraded: cockpit-podman-76-1.el9_3.noarch
2024-06-08T15:14:31+0200 SUBDEBUG Upgraded: dracut-config-rescue-057-44.git20230822.el9.x86_64
2024-06-08T15:14:31+0200 SUBDEBUG Upgraded: gnome-shell-extension-desktop-icons-40.7-8.el9.noarch
2024-06-08T15:14:31+0200 SUBDEBUG Upgraded: gnome-shell-extension-launch-new-instance-40.7-8.el9.noarch
2024-06-08T15:14:31+0200 SUBDEBUG Upgraded: gnome-shell-extension-places-menu-40.7-8.el9.noarch
2024-06-08T15:14:31+0200 SUBDEBUG Upgraded: gnome-shell-extension-window-list-40.7-8.el9.noarch
2024-06-08T15:14:31+0200 SUBDEBUG Upgraded: gnome-shell-extension-common-40.7-8.el9.noarch
2024-06-08T15:14:31+0200 SUBDEBUG Upgraded: ghostscript-tools-fonts-9.54.0-13.el9.x86_64
2024-06-08T15:14:31+0200 SUBDEBUG Upgraded: ghostscript-tools-printing-9.54.0-13.el9.x86_64
2024-06-08T15:14:31+0200 SUBDEBUG Upgraded: alsa-ucm-1.2.9-1.el9.noarch
2024-06-08T15:14:32+0200 SUBDEBUG Upgraded: liberation-mono-fonts-1:2.1.3-4.el9.noarch
2024-06-08T15:14:32+0200 SUBDEBUG Upgraded: osinfo-db-20230518-1.el9.noarch
2024-06-08T15:14:32+0200 SUBDEBUG Upgraded: liberation-serif-fonts-1:2.1.3-4.el9.noarch
2024-06-08T15:14:32+0200 SUBDEBUG Upgraded: liberation-sans-fonts-1:2.1.3-4.el9.noarch
2024-06-08T15:14:32+0200 SUBDEBUG Upgraded: google-noto-serif-cjk-ttc-fonts-20201206-4.el9.noarch
2024-06-08T15:14:32+0200 SUBDEBUG Upgraded: google-noto-sans-cjk-ttc-fonts-20201206-4.el9.noarch
2024-06-08T15:14:32+0200 SUBDEBUG Upgraded: perl-if-0.60.800-480.el9.noarch
2024-06-08T15:14:32+0200 SUBDEBUG Upgraded: iwl6050-firmware-41.28.5.1-140.el9_3.noarch
2024-06-08T15:14:32+0200 SUBDEBUG Upgraded: iwl105-firmware-18.168.6.1-140.el9_3.noarch
2024-06-08T15:14:32+0200 SUBDEBUG Upgraded: iwl1000-firmware-1:39.31.5.1-140.el9_3.noarch
2024-06-08T15:14:32+0200 SUBDEBUG Upgraded: dnf-plugins-core-4.3.0-11.el9_3.noarch
2024-06-08T15:14:32+0200 SUBDEBUG Upgraded: bash-completion-1:2.11-4.el9.noarch
2024-06-08T15:14:32+0200 SUBDEBUG Upgraded: yum-4.14.0-8.el9.noarch
2024-06-08T15:14:32+0200 SUBDEBUG Upgraded: dnf-4.14.0-8.el9.noarch
2024-06-08T15:14:32+0200 SUBDEBUG Upgraded: shim-x64-15.6-1.el9.x86_64
2024-06-08T15:14:32+0200 SUBDEBUG Upgraded: setup-2.13.7-9.el9.noarch
2024-06-08T15:14:32+0200 SUBDEBUG Upgraded: netronome-firmware-20230814-140.el9_3.noarch
2024-06-08T15:14:32+0200 SUBDEBUG Upgraded: linux-firmware-20230814-140.el9_3.noarch
2024-06-08T15:14:33+0200 SUBDEBUG Upgraded: libertas-sd8787-firmware-20230814-140.el9_3.noarch
2024-06-08T15:14:33+0200 SUBDEBUG Upgraded: iwl7260-firmware-1:25.30.13.0-140.el9_3.noarch
2024-06-08T15:14:33+0200 SUBDEBUG Upgraded: iwl6000g2b-firmware-18.168.6.1-140.el9_3.noarch
2024-06-08T15:14:33+0200 SUBDEBUG Upgraded: iwl6000g2a-firmware-18.168.6.1-140.el9_3.noarch
2024-06-08T15:14:33+0200 SUBDEBUG Upgraded: iwl5150-firmware-8.24.2.2-140.el9_3.noarch
2024-06-08T15:14:33+0200 SUBDEBUG Upgraded: iwl5000-firmware-8.83.5.1_1-140.el9_3.noarch
2024-06-08T15:14:33+0200 SUBDEBUG Upgraded: iwl3160-firmware-1:25.30.13.0-140.el9_3.noarch
2024-06-08T15:14:33+0200 SUBDEBUG Upgraded: iwl2030-firmware-18.168.6.1-140.el9_3.noarch
2024-06-08T15:14:33+0200 SUBDEBUG Upgraded: iwl2000-firmware-18.168.6.1-140.el9_3.noarch
2024-06-08T15:14:33+0200 SUBDEBUG Upgraded: iwl135-firmware-18.168.6.1-140.el9_3.noarch
2024-06-08T15:14:33+0200 SUBDEBUG Upgraded: iwl100-firmware-39.31.5.1-140.el9_3.noarch
2024-06-08T15:14:33+0200 SUBDEBUG Upgraded: linux-firmware-whence-20230814-140.el9_3.noarch
2024-06-08T15:14:33+0200 SUBDEBUG Upgraded: google-noto-cjk-fonts-common-20201206-4.el9.noarch
2024-06-08T15:14:33+0200 SUBDEBUG Upgraded: liberation-fonts-common-1:2.1.3-4.el9.noarch
2024-06-08T15:14:33+0200 SUBDEBUG Upgraded: hwdata-0.348-9.11.el9.noarch
2024-06-08T15:14:33+0200 SUBDEBUG Upgraded: tracer-common-0.7.5-4.el9.noarch
2024-06-08T15:14:33+0200 SUBDEBUG Upgraded: firewalld-filesystem-1.2.1-1.el9.noarch
2024-06-08T15:14:33+0200 SUBDEBUG Upgraded: cups-filesystem-1:2.3.3op2-21.el9.noarch
2024-06-08T15:14:33+0200 SUBDEBUG Upgraded: mesa-filesystem-23.1.4-1.el9.x86_64
2024-06-08T15:14:33+0200 SUBDEBUG Upgraded: NetworkManager-config-server-1:1.44.0-3.el9.noarch
2024-06-08T15:14:33+0200 SUBDEBUG Upgraded: sssd-ipa-2.9.1-2.el9.x86_64
2024-06-08T15:14:33+0200 SUBDEBUG Upgraded: sssd-ad-2.9.1-2.el9.x86_64
2024-06-08T15:14:33+0200 SUBDEBUG Upgraded: cockpit-ws-300.1-1.el9_3.x86_64
2024-06-08T15:14:34+0200 SUBDEBUG Upgraded: gdm-1:40.1-21.el9.x86_64
2024-06-08T15:14:34+0200 SUBDEBUG Upgraded: gnome-session-wayland-session-40.1.1-8.el9.x86_64
2024-06-08T15:14:34+0200 SUBDEBUG Upgraded: gnome-shell-40.10-13.el9.x86_64
2024-06-08T15:14:34+0200 SUBDEBUG Upgraded: evolution-data-server-3.40.4-6.el9.x86_64
2024-06-08T15:14:34+0200 SUBDEBUG Upgraded: device-mapper-multipath-0.8.7-22.el9.x86_64
2024-06-08T15:14:34+0200 SUBDEBUG Upgraded: gnome-control-center-40.0-29.el9.x86_64
2024-06-08T15:14:34+0200 SUBDEBUG Upgraded: libsmbclient-4.18.6-100.el9.x86_64
2024-06-08T15:14:34+0200 SUBDEBUG Upgraded: kexec-tools-2.0.26-8.el9.x86_64
2024-06-08T15:14:34+0200 SUBDEBUG Upgraded: binutils-2.35.2-42.el9.x86_64
2024-06-08T15:14:34+0200 SUBDEBUG Upgraded: fwupd-1.8.16-1.el9.x86_64
2024-06-08T15:14:35+0200 INFO Failed to set unit properties on pesign.service: Unit pesign.service not found.

2024-06-08T15:14:35+0200 SUBDEBUG Upgraded: xorg-x11-server-Xorg-1.20.11-19.el9.x86_64
2024-06-08T15:14:35+0200 SUBDEBUG Upgraded: gnome-settings-daemon-40.0.1-13.el9.x86_64
2024-06-08T15:14:35+0200 SUBDEBUG Upgraded: xorg-x11-server-Xwayland-22.1.9-2.el9.x86_64
2024-06-08T15:14:35+0200 SUBDEBUG Upgraded: sssd-common-pac-2.9.1-2.el9.x86_64
2024-06-08T15:14:35+0200 SUBDEBUG Upgraded: samba-common-libs-4.18.6-100.el9.x86_64
2024-06-08T15:14:35+0200 SUBDEBUG Upgraded: samba-client-libs-4.18.6-100.el9.x86_64
2024-06-08T15:14:35+0200 SUBDEBUG Upgraded: libwbclient-4.18.6-100.el9.x86_64
2024-06-08T15:14:35+0200 SUBDEBUG Upgraded: sudo-1.9.5p2-9.el9.x86_64
2024-06-08T15:14:35+0200 SUBDEBUG Upgraded: podman-2:4.6.1-5.el9.x86_64
2024-06-08T15:14:35+0200 SUBDEBUG Upgraded: netavark-2:1.7.0-1.el9.x86_64
2024-06-08T15:14:35+0200 SUBDEBUG Upgraded: sssd-ldap-2.9.1-2.el9.x86_64
2024-06-08T15:14:35+0200 SUBDEBUG Upgraded: PackageKit-1.2.4-2.el9.x86_64
2024-06-08T15:14:35+0200 SUBDEBUG Upgraded: sssd-proxy-2.9.1-2.el9.x86_64
2024-06-08T15:14:35+0200 SUBDEBUG Upgraded: binutils-gold-2.35.2-42.el9.x86_64
2024-06-08T15:14:35+0200 SUBDEBUG Upgraded: aardvark-dns-2:1.7.0-1.el9.x86_64
2024-06-08T15:14:36+0200 SUBDEBUG Upgraded: nftables-1:1.0.4-11.el9_3.x86_64
2024-06-08T15:14:36+0200 SUBDEBUG Upgraded: device-mapper-multipath-libs-0.8.7-22.el9.x86_64
2024-06-08T15:14:36+0200 SUBDEBUG Upgraded: nautilus-40.2-14.el9.x86_64
2024-06-08T15:14:36+0200 SUBDEBUG Upgraded: tracker-miners-3.1.2-3.el9.x86_64
2024-06-08T15:14:36+0200 SUBDEBUG Upgraded: poppler-glib-21.01.0-18.el9.x86_64
2024-06-08T15:14:36+0200 SUBDEBUG Upgraded: poppler-21.01.0-18.el9.x86_64
2024-06-08T15:14:36+0200 SUBDEBUG Upgraded: nss-3.90.0-3.el9_2.x86_64
2024-06-08T15:14:36+0200 SUBDEBUG Upgraded: nss-softokn-3.90.0-3.el9_2.x86_64
2024-06-08T15:14:37+0200 SUBDEBUG Upgraded: elfutils-debuginfod-client-0.189-3.el9.x86_64
2024-06-08T15:14:37+0200 SUBDEBUG Upgraded: gnome-online-accounts-3.40.0-3.el9.x86_64
2024-06-08T15:14:37+0200 SUBDEBUG Upgraded: webkit2gtk3-2.40.5-1.el9.x86_64
2024-06-08T15:14:37+0200 SUBDEBUG Upgraded: webkit2gtk3-jsc-2.40.5-1.el9.x86_64
2024-06-08T15:14:37+0200 SUBDEBUG Upgraded: cockpit-bridge-300.1-1.el9_3.x86_64
2024-06-08T15:14:37+0200 SUBDEBUG Upgraded: sssd-krb5-2.9.1-2.el9.x86_64
2024-06-08T15:14:37+0200 SUBDEBUG Upgraded: iptables-nft-1.8.8-6.el9_1.x86_64
2024-06-08T15:14:37+0200 SUBDEBUG Upgraded: gnome-session-40.1.1-8.el9.x86_64
2024-06-08T15:14:37+0200 SUBDEBUG Upgraded: xdg-desktop-portal-gnome-41.2-2.el9.x86_64
2024-06-08T15:14:37+0200 SUBDEBUG Upgraded: gtk4-4.4.1-2.el9.x86_64
2024-06-08T15:14:37+0200 SUBDEBUG Upgraded: gstreamer1-plugins-bad-free-1.22.1-1.el9.x86_64
2024-06-08T15:14:37+0200 SUBDEBUG Upgraded: librsvg2-2.50.7-2.el9.x86_64
2024-06-08T15:14:37+0200 SUBDEBUG Upgraded: xdg-desktop-portal-1.12.4-1.el9.x86_64
2024-06-08T15:14:37+0200 SUBDEBUG Upgraded: ibus-1.5.25-2.el9.x86_64
2024-06-08T15:14:37+0200 SUBDEBUG Upgraded: libtiff-4.4.0-10.el9.x86_64
2024-06-08T15:14:37+0200 SUBDEBUG Upgraded: conmon-2:2.1.8-1.el9.x86_64
2024-06-08T15:14:37+0200 SUBDEBUG Upgraded: cups-libs-1:2.3.3op2-21.el9.x86_64
2024-06-08T15:14:37+0200 SUBDEBUG Upgraded: sssd-krb5-common-2.9.1-2.el9.x86_64
2024-06-08T15:14:37+0200 SUBDEBUG Upgraded: sssd-common-2.9.1-2.el9.x86_64
2024-06-08T15:14:38+0200 SUBDEBUG Upgraded: sssd-client-2.9.1-2.el9.x86_64
2024-06-08T15:14:38+0200 SUBDEBUG Upgraded: libldb-2.7.2-2.el9.x86_64
2024-06-08T15:14:38+0200 SUBDEBUG Upgraded: perl-IO-1.43-480.el9.x86_64
2024-06-08T15:14:38+0200 SUBDEBUG Upgraded: power-profiles-daemon-0.11.1-1.el9.x86_64
2024-06-08T15:14:38+0200 SUBDEBUG Upgraded: iptables-libs-1.8.8-6.el9_1.x86_64
2024-06-08T15:14:38+0200 SUBDEBUG Upgraded: perl-POSIX-1.94-480.el9.x86_64
2024-06-08T15:14:38+0200 SUBDEBUG Upgraded: NetworkManager-wifi-1:1.44.0-3.el9.x86_64
2024-06-08T15:14:38+0200 SUBDEBUG Upgraded: wpa_supplicant-1:2.10-4.el9.x86_64
2024-06-08T15:14:38+0200 SUBDEBUG Upgraded: pipewire-gstreamer-0.3.67-2.el9.x86_64
2024-06-08T15:14:38+0200 SUBDEBUG Upgraded: pipewire-alsa-0.3.67-2.el9.x86_64
2024-06-08T15:14:38+0200 SUBDEBUG Upgraded: pipewire-pulseaudio-0.3.67-2.el9.x86_64
2024-06-08T15:14:38+0200 SUBDEBUG Upgraded: pipewire-libs-0.3.67-2.el9.x86_64
2024-06-08T15:14:38+0200 SUBDEBUG Upgraded: pipewire-jack-audio-connection-kit-0.3.67-2.el9.x86_64
2024-06-08T15:14:38+0200 SUBDEBUG Upgraded: pipewire-0.3.67-2.el9.x86_64
2024-06-08T15:14:38+0200 SUBDEBUG Upgraded: nss-sysinit-3.90.0-3.el9_2.x86_64
2024-06-08T15:14:38+0200 SUBDEBUG Upgraded: libtirpc-1.3.3-2.el9.x86_64
2024-06-08T15:14:38+0200 SUBDEBUG Upgraded: bind-utils-32:9.16.23-14.el9_3.x86_64
2024-06-08T15:14:38+0200 SUBDEBUG Upgraded: bind-libs-32:9.16.23-14.el9_3.x86_64
2024-06-08T15:14:38+0200 SUBDEBUG Upgraded: vulkan-loader-1.3.250.1-1.el9.x86_64
2024-06-08T15:14:38+0200 SUBDEBUG Upgraded: mesa-vulkan-drivers-23.1.4-1.el9.x86_64
2024-06-08T15:14:38+0200 SUBDEBUG Upgraded: llvm-libs-16.0.6-4.el9.x86_64
2024-06-08T15:14:38+0200 SUBDEBUG Upgraded: libtevent-0.14.1-2.el9.x86_64
2024-06-08T15:14:38+0200 SUBDEBUG Upgraded: libsss_nss_idmap-2.9.1-2.el9.x86_64
2024-06-08T15:14:38+0200 SUBDEBUG Upgraded: sssd-nfs-idmap-2.9.1-2.el9.x86_64
2024-06-08T15:14:38+0200 SUBDEBUG Upgraded: nss-softokn-freebl-3.90.0-3.el9_2.x86_64
2024-06-08T15:14:38+0200 SUBDEBUG Upgraded: PackageKit-glib-1.2.4-2.el9.x86_64
2024-06-08T15:14:38+0200 SUBDEBUG Upgraded: nss-util-3.90.0-3.el9_2.x86_64
2024-06-08T15:14:38+0200 SUBDEBUG Upgraded: nspr-4.35.0-3.el9_2.x86_64
2024-06-08T15:14:38+0200 SUBDEBUG Upgraded: libsndfile-1.0.31-7.el9.x86_64
2024-06-08T15:14:39+0200 SUBDEBUG Upgraded: ibus-gtk3-1.5.25-2.el9.x86_64
2024-06-08T15:14:39+0200 SUBDEBUG Upgraded: NetworkManager-team-1:1.44.0-3.el9.x86_64
2024-06-08T15:14:39+0200 SUBDEBUG Upgraded: ibus-libs-1.5.25-2.el9.x86_64
2024-06-08T15:14:39+0200 SUBDEBUG Upgraded: libsss_certmap-2.9.1-2.el9.x86_64
2024-06-08T15:14:39+0200 SUBDEBUG Upgraded: containernetworking-plugins-1:1.3.0-4.el9.x86_64
2024-06-08T15:14:39+0200 SUBDEBUG Upgraded: libsss_sudo-2.9.1-2.el9.x86_64
2024-06-08T15:14:39+0200 SUBDEBUG Upgraded: nautilus-extensions-40.2-14.el9.x86_64
2024-06-08T15:14:39+0200 SUBDEBUG Upgraded: fwupd-plugin-flashrom-1.8.16-1.el9.x86_64
2024-06-08T15:14:39+0200 SUBDEBUG Upgraded: perl-File-stat-1.09-480.el9.noarch
2024-06-08T15:14:39+0200 SUBDEBUG Upgraded: libtdb-1.4.8-2.el9.x86_64
2024-06-08T15:14:39+0200 SUBDEBUG Upgraded: harfbuzz-icu-2.7.4-8.el9.x86_64
2024-06-08T15:14:39+0200 SUBDEBUG Upgraded: harfbuzz-2.7.4-8.el9.x86_64
2024-06-08T15:14:39+0200 SUBDEBUG Upgraded: mesa-libglapi-23.1.4-1.el9.x86_64
2024-06-08T15:14:39+0200 SUBDEBUG Upgraded: perl-interpreter-4:5.32.1-480.el9.x86_64
2024-06-08T15:14:39+0200 SUBDEBUG Upgraded: kernel-tools-libs-5.14.0-362.8.1.el9_3.x86_64
2024-06-08T15:14:39+0200 SUBDEBUG Upgraded: rsyslog-relp-8.2102.0-117.el9.x86_64
2024-06-08T15:14:39+0200 SUBDEBUG Upgraded: gstreamer1-plugins-good-gtk-1.22.1-1.el9.x86_64
2024-06-08T15:14:39+0200 SUBDEBUG Upgraded: gstreamer1-plugins-good-1.22.1-1.el9.x86_64
2024-06-08T15:14:39+0200 SUBDEBUG Upgraded: gstreamer1-plugins-base-1.22.1-1.el9.x86_64
2024-06-08T15:14:39+0200 SUBDEBUG Upgraded: alsa-lib-1.2.9-1.el9.x86_64
2024-06-08T15:14:39+0200 SUBDEBUG Upgraded: libX11-1.7.0-8.el9.x86_64
2024-06-08T15:14:39+0200 SUBDEBUG Upgraded: mesa-libgbm-23.1.4-1.el9.x86_64
2024-06-08T15:14:39+0200 SUBDEBUG Upgraded: libdrm-2.4.115-1.el9.x86_64
2024-06-08T15:14:39+0200 SUBDEBUG Upgraded: rsyslog-gssapi-8.2102.0-117.el9.x86_64
2024-06-08T15:14:39+0200 SUBDEBUG Upgraded: rsyslog-8.2102.0-117.el9.x86_64
2024-06-08T15:14:40+0200 SUBDEBUG Upgraded: gnome-menus-3.36.0-8.el9.x86_64
2024-06-08T15:14:40+0200 SUBDEBUG Upgraded: containers-common-2:1-55.el9.x86_64
2024-06-08T15:14:40+0200 SUBDEBUG Upgraded: crun-1.8.7-1.el9.x86_64
2024-06-08T15:14:40+0200 SUBDEBUG Upgraded: subscription-manager-1.29.38-1.el9_3.x86_64
2024-06-08T15:14:40+0200 SUBDEBUG Upgraded: fuse-overlayfs-1.12-1.el9.x86_64
2024-06-08T15:14:40+0200 SUBDEBUG Upgraded: fuse3-3.10.2-6.el9.x86_64
2024-06-08T15:14:40+0200 SUBDEBUG Upgraded: fuse3-libs-3.10.2-6.el9.x86_64
2024-06-08T15:14:40+0200 SUBDEBUG Upgraded: python3-librepo-1.14.5-1.el9.x86_64
2024-06-08T15:14:40+0200 SUBDEBUG Upgraded: libdnf-plugin-subscription-manager-1.29.38-1.el9_3.x86_64
2024-06-08T15:14:40+0200 SUBDEBUG Upgraded: slirp4netns-1.2.1-1.el9.x86_64
2024-06-08T15:14:40+0200 SUBDEBUG Upgraded: container-selinux-3:2.221.0-1.el9.noarch
2024-06-08T15:14:40+0200 SUBDEBUG Upgraded: python3-subscription-manager-rhsm-1.29.38-1.el9_3.x86_64
2024-06-08T15:14:40+0200 SUBDEBUG Upgraded: selinux-policy-targeted-38.1.23-1.el9.noarch
2024-06-08T15:14:40+0200 SUBDEBUG Upgraded: libjpeg-turbo-2.0.90-6.el9_1.x86_64
2024-06-08T15:14:40+0200 SUBDEBUG Upgraded: libtalloc-2.4.0-2.el9.x86_64
2024-06-08T15:14:40+0200 SUBDEBUG Upgraded: libsss_idmap-2.9.1-2.el9.x86_64
2024-06-08T15:14:40+0200 SUBDEBUG Upgraded: libnftnl-1.2.2-1.el9.x86_64
2024-06-08T15:14:40+0200 SUBDEBUG Upgraded: openldap-compat-2.6.3-1.el9.x86_64
2024-06-08T15:14:40+0200 SUBDEBUG Upgraded: avahi-glib-0.8-15.el9.x86_64
2024-06-08T15:14:40+0200 SUBDEBUG Upgraded: avahi-libs-0.8-15.el9.x86_64
2024-06-08T15:14:40+0200 SUBDEBUG Upgraded: pcre2-utf32-10.40-2.el9.x86_64
2024-06-08T15:14:40+0200 SUBDEBUG Upgraded: selinux-policy-38.1.23-1.el9.noarch
2024-06-08T15:14:41+0200 SUBDEBUG Upgraded: dracut-network-057-44.git20230822.el9.x86_64
2024-06-08T15:14:41+0200 SUBDEBUG Upgraded: crypto-policies-scripts-20230731-1.git94f0e2c.el9.noarch
2024-06-08T15:14:41+0200 SUBDEBUG Upgraded: NetworkManager-1:1.44.0-3.el9.x86_64
2024-06-08T15:14:42+0200 SUBDEBUG Upgraded: iproute-6.2.0-5.el9.x86_64
2024-06-08T15:14:42+0200 SUBDEBUG Upgraded: NetworkManager-libnm-1:1.44.0-3.el9.x86_64
2024-06-08T15:14:42+0200 SUBDEBUG Upgraded: libbpf-2:1.2.0-1.el9.x86_64
2024-06-08T15:14:42+0200 SUBDEBUG Upgraded: grubby-8.40-63.el9.x86_64
2024-06-08T15:14:42+0200 SUBDEBUG Upgraded: grub2-tools-1:2.06-70.el9_3.1.x86_64
2024-06-08T15:14:43+0200 SUBDEBUG Upgraded: grub2-tools-minimal-1:2.06-70.el9_3.1.x86_64
2024-06-08T15:14:43+0200 SUBDEBUG Upgraded: file-5.39-14.el9.x86_64
2024-06-08T15:14:43+0200 SUBDEBUG Upgraded: criu-libs-3.18-1.el9.x86_64
2024-06-08T15:14:43+0200 SUBDEBUG Upgraded: criu-3.18-1.el9.x86_64
2024-06-08T15:14:43+0200 SUBDEBUG Upgraded: perl-Fcntl-1.13-480.el9.x86_64
2024-06-08T15:14:43+0200 SUBDEBUG Upgraded: libatomic-11.4.1-2.1.el9.x86_64
2024-06-08T15:14:43+0200 SUBDEBUG Upgraded: python3-dnf-plugins-core-4.3.0-11.el9_3.noarch
2024-06-08T15:14:43+0200 SUBDEBUG Upgraded: python3-dnf-4.14.0-8.el9.noarch
2024-06-08T15:14:43+0200 SUBDEBUG Upgraded: perl-Class-Struct-0.66-480.el9.noarch
2024-06-08T15:14:43+0200 SUBDEBUG Upgraded: perl-overload-1.31-480.el9.noarch
2024-06-08T15:14:43+0200 SUBDEBUG Upgraded: wireless-regdb-2020.11.20-6.el9.noarch
2024-06-08T15:14:43+0200 SUBDEBUG Upgraded: perl-Errno-1.30-480.el9.x86_64
2024-06-08T15:14:43+0200 SUBDEBUG Upgraded: python3-hawkey-0.69.0-6.el9_3.x86_64
2024-06-08T15:14:43+0200 SUBDEBUG Upgraded: python3-libdnf-0.69.0-6.el9_3.x86_64
2024-06-08T15:14:43+0200 SUBDEBUG Upgraded: libdnf-0.69.0-6.el9_3.x86_64
2024-06-08T15:14:43+0200 SUBDEBUG Upgraded: libstdc++-11.4.1-2.1.el9.x86_64
2024-06-08T15:14:43+0200 SUBDEBUG Upgraded: librepo-1.14.5-1.el9.x86_64
2024-06-08T15:14:43+0200 SUBDEBUG Upgraded: libxml2-2.9.13-4.el9.x86_64
2024-06-08T15:14:43+0200 SUBDEBUG Upgraded: iw-5.19-1.el9.1.x86_64
2024-06-08T15:14:43+0200 SUBDEBUG Upgraded: libnl3-3.7.0-1.el9.x86_64
2024-06-08T15:14:43+0200 SUBDEBUG Upgraded: rpm-plugin-systemd-inhibit-4.16.1.3-25.el9.x86_64
2024-06-08T15:14:43+0200 SUBDEBUG Upgraded: librhsm-0.0.3-7.el9.x86_64
2024-06-08T15:14:43+0200 SUBDEBUG Upgraded: glib2-2.68.4-11.el9.x86_64
2024-06-08T15:14:43+0200 SUBDEBUG Upgraded: gnutls-3.7.6-23.el9.x86_64
2024-06-08T15:14:43+0200 SUBDEBUG Upgraded: p11-kit-trust-0.24.1-2.el9.x86_64
2024-06-08T15:14:43+0200 SUBDEBUG Upgraded: python3-rpm-4.16.1.3-25.el9.x86_64
2024-06-08T15:14:43+0200 SUBDEBUG Upgraded: rpm-build-libs-4.16.1.3-25.el9.x86_64
2024-06-08T15:14:43+0200 SUBDEBUG Upgraded: elfutils-libs-0.189-3.el9.x86_64
2024-06-08T15:14:43+0200 SUBDEBUG Upgraded: rpm-sign-libs-4.16.1.3-25.el9.x86_64
2024-06-08T15:14:43+0200 SUBDEBUG Upgraded: file-libs-5.39-14.el9.x86_64
2024-06-08T15:14:43+0200 SUBDEBUG Upgraded: libgomp-11.4.1-2.1.el9.x86_64
2024-06-08T15:14:43+0200 SUBDEBUG Upgraded: elfutils-libelf-0.189-3.el9.x86_64
2024-06-08T15:14:43+0200 SUBDEBUG Upgraded: perl-mro-1.23-480.el9.x86_64
2024-06-08T15:14:43+0200 SUBDEBUG Upgraded: nettle-3.8-3.el9_0.x86_64
2024-06-08T15:14:43+0200 SUBDEBUG Upgraded: libipa_hbac-2.9.1-2.el9.x86_64
2024-06-08T15:14:43+0200 SUBDEBUG Upgraded: liburing-2.3-2.el9.x86_64
2024-06-08T15:14:43+0200 SUBDEBUG Upgraded: perl-overloading-0.02-480.el9.noarch
2024-06-08T15:14:43+0200 SUBDEBUG Upgraded: python3-cloud-what-1.29.38-1.el9_3.x86_64
2024-06-08T15:14:43+0200 SUBDEBUG Upgraded: perl-SelectSaver-1.02-480.el9.noarch
2024-06-08T15:14:43+0200 SUBDEBUG Upgraded: samba-common-4.18.6-100.el9.noarch
2024-06-08T15:14:43+0200 SUBDEBUG Upgraded: dracut-squash-057-44.git20230822.el9.x86_64
2024-06-08T15:14:43+0200 SUBDEBUG Upgraded: python3-requests-2.25.1-7.el9_2.noarch
2024-06-08T15:14:43+0200 SUBDEBUG Upgraded: elfutils-default-yama-scope-0.189-3.el9.noarch
2024-06-08T15:14:43+0200 SUBDEBUG Upgraded: grub2-common-1:2.06-70.el9_3.1.noarch
2024-06-08T15:14:44+0200 SUBDEBUG Upgraded: policycoreutils-python-utils-3.5-2.el9.noarch
2024-06-08T15:14:44+0200 SUBDEBUG Upgraded: python3-policycoreutils-3.5-2.el9.noarch
2024-06-08T15:14:44+0200 SUBDEBUG Upgraded: ibus-setup-1.5.25-2.el9.noarch
2024-06-08T15:14:44+0200 SUBDEBUG Upgraded: python3-urllib3-1.26.5-3.el9.noarch
2024-06-08T15:14:44+0200 SUBDEBUG Upgraded: perl-Symbol-1.08-480.el9.noarch
2024-06-08T15:14:44+0200 SUBDEBUG Upgraded: redhat-release-9.3-0.5.el9.x86_64
2024-06-08T15:14:44+0200 SUBDEBUG Upgraded: xorg-x11-server-common-1.20.11-19.el9.x86_64
2024-06-08T15:14:44+0200 SUBDEBUG Upgraded: redhat-release-eula-9.3-0.5.el9.x86_64
2024-06-08T15:14:44+0200 SUBDEBUG Upgraded: dnf-data-4.14.0-8.el9.noarch
2024-06-08T15:14:44+0200 SUBDEBUG Upgraded: fuse-common-3.10.2-6.el9.x86_64
2024-06-08T15:14:44+0200 SUBDEBUG Upgraded: rsyslog-logrotate-8.2102.0-117.el9.x86_64
2024-06-08T15:14:44+0200 SUBDEBUG Upgraded: libX11-common-1.7.0-8.el9.noarch
2024-06-08T15:14:44+0200 SUBDEBUG Upgraded: bind-license-32:9.16.23-14.el9_3.noarch
2024-06-08T15:14:44+0200 SUBDEBUG Upgraded: gnome-control-center-filesystem-40.0-29.el9.noarch
2024-06-08T15:14:44+0200 SUBDEBUG Upgraded: evolution-data-server-langpacks-3.40.4-6.el9.noarch
2024-06-08T15:14:44+0200 SUBDEBUG Upgraded: policycoreutils-3.5-2.el9.x86_64
2024-06-08T15:14:44+0200 SUBDEBUG Upgraded: dracut-057-44.git20230822.el9.x86_64
2024-06-08T15:14:44+0200 SUBDEBUG Upgraded: systemd-udev-252-18.el9.x86_64
2024-06-08T15:14:44+0200 SUBDEBUG Upgraded: perl-NDBM_File-1.15-480.el9.x86_64
2024-06-08T15:14:44+0200 SUBDEBUG Upgraded: perl-libs-4:5.32.1-480.el9.x86_64
2024-06-08T15:14:44+0200 SUBDEBUG Upgraded: squashfs-tools-4.4-8.git1.el9.x86_64
2024-06-08T15:14:44+0200 SUBDEBUG Upgraded: libselinux-utils-3.5-1.el9.x86_64
2024-06-08T15:14:45+0200 SUBDEBUG Upgraded: procps-ng-3.3.17-13.el9.x86_64
2024-06-08T15:14:45+0200 SUBDEBUG Upgraded: python3-libsemanage-3.5-2.el9.x86_64
2024-06-08T15:14:45+0200 SUBDEBUG Upgraded: libsemanage-3.5-2.el9.x86_64
2024-06-08T15:14:45+0200 SUBDEBUG Upgraded: python3-libselinux-3.5-1.el9.x86_64
2024-06-08T15:14:45+0200 SUBDEBUG Upgraded: libkcapi-hmaccalc-1.3.1-3.el9.x86_64
2024-06-08T15:14:45+0200 SUBDEBUG Upgraded: python3-setools-4.4.3-1.el9.x86_64
2024-06-08T15:14:45+0200 SUBDEBUG Upgraded: rpm-4.16.1.3-25.el9.x86_64
2024-06-08T15:14:45+0200 SUBDEBUG Upgraded: rpm-libs-4.16.1.3-25.el9.x86_64
2024-06-08T15:14:45+0200 SUBDEBUG Upgraded: curl-7.76.1-26.el9.x86_64
2024-06-08T15:14:45+0200 SUBDEBUG Upgraded: libcurl-7.76.1-26.el9.x86_64
2024-06-08T15:14:45+0200 SUBDEBUG Upgraded: libssh-0.10.4-11.el9.x86_64
2024-06-08T15:14:45+0200 SUBDEBUG Upgraded: openldap-2.6.3-1.el9.x86_64
2024-06-08T15:14:45+0200 SUBDEBUG Upgraded: libkcapi-1.3.1-3.el9.x86_64
2024-06-08T15:14:45+0200 SUBDEBUG Upgraded: systemd-252-18.el9.x86_64
2024-06-08T15:14:45+0200 SUBDEBUG Upgraded: util-linux-2.37.4-15.el9.x86_64
2024-06-08T15:14:45+0200 SUBDEBUG Upgraded: util-linux-core-2.37.4-15.el9.x86_64
2024-06-08T15:14:45+0200 SUBDEBUG Upgraded: systemd-libs-252-18.el9.x86_64
2024-06-08T15:14:45+0200 SUBDEBUG Upgraded: systemd-pam-252-18.el9.x86_64
2024-06-08T15:14:45+0200 SUBDEBUG Upgraded: pam-1.5.1-15.el9.x86_64
2024-06-08T15:14:45+0200 SUBDEBUG Upgraded: libmount-2.37.4-15.el9.x86_64
2024-06-08T15:14:45+0200 SUBDEBUG Upgraded: libfdisk-2.37.4-15.el9.x86_64
2024-06-08T15:14:46+0200 SUBDEBUG Upgraded: openssl-1:3.0.7-24.el9.x86_64
2024-06-08T15:14:46+0200 SUBDEBUG Upgraded: p11-kit-0.24.1-2.el9.x86_64
2024-06-08T15:14:46+0200 SUBDEBUG Upgraded: libblkid-2.37.4-15.el9.x86_64
2024-06-08T15:14:46+0200 SUBDEBUG Upgraded: coreutils-8.32-34.el9.x86_64
2024-06-08T15:14:46+0200 SUBDEBUG Upgraded: libselinux-3.5-1.el9.x86_64
2024-06-08T15:14:46+0200 SUBDEBUG Upgraded: acl-2.3.1-3.el9.x86_64
2024-06-08T15:14:46+0200 SUBDEBUG Upgraded: pixman-0.40.0-5.el9.x86_64
2024-06-08T15:14:46+0200 SUBDEBUG Upgraded: libsepol-3.5-1.el9.x86_64
2024-06-08T15:14:46+0200 SUBDEBUG Upgraded: kpartx-0.8.7-22.el9.x86_64
2024-06-08T15:14:46+0200 SUBDEBUG Upgraded: python3-audit-3.0.7-104.el9.x86_64
2024-06-08T15:14:46+0200 SUBDEBUG Upgraded: audit-libs-3.0.7-104.el9.x86_64
2024-06-08T15:14:46+0200 SUBDEBUG Upgraded: checkpolicy-3.5-1.el9.x86_64
2024-06-08T15:14:46+0200 SUBDEBUG Upgraded: pcre2-10.40-2.el9.x86_64
2024-06-08T15:14:46+0200 SUBDEBUG Upgraded: libcom_err-1.46.5-3.el9.x86_64
2024-06-08T15:14:46+0200 SUBDEBUG Upgraded: dmidecode-1:3.5-1.el9.x86_64
2024-06-08T15:14:46+0200 SUBDEBUG Upgraded: python3-libs-3.9.18-1.el9_3.x86_64
2024-06-08T15:14:46+0200 SUBDEBUG Upgraded: python3-3.9.18-1.el9_3.x86_64
2024-06-08T15:14:46+0200 SUBDEBUG Upgraded: openssl-libs-1:3.0.7-24.el9.x86_64
2024-06-08T15:14:46+0200 SUBDEBUG Upgraded: libuuid-2.37.4-15.el9.x86_64
2024-06-08T15:14:46+0200 SUBDEBUG Upgraded: sqlite-libs-3.34.1-6.el9_1.x86_64
2024-06-08T15:14:46+0200 SUBDEBUG Upgraded: expat-2.5.0-1.el9.x86_64
2024-06-08T15:14:46+0200 SUBDEBUG Upgraded: libacl-2.3.1-3.el9.x86_64
2024-06-08T15:14:46+0200 SUBDEBUG Upgraded: libsmartcols-2.37.4-15.el9.x86_64
2024-06-08T15:14:46+0200 SUBDEBUG Upgraded: libnghttp2-1.43.0-5.el9.x86_64
2024-06-08T15:14:46+0200 SUBDEBUG Upgraded: systemd-rpm-macros-252-18.el9.noarch
2024-06-08T15:14:46+0200 SUBDEBUG Upgraded: libX11-xcb-1.7.0-8.el9.x86_64
2024-06-08T15:14:46+0200 SUBDEBUG Upgraded: crypto-policies-20230731-1.git94f0e2c.el9.noarch
2024-06-08T15:14:46+0200 SUBDEBUG Upgraded: python-unversioned-command-3.9.18-1.el9_3.noarch
2024-06-08T15:14:46+0200 SUBDEBUG Upgraded: python3-pip-wheel-21.2.3-7.el9.noarch
2024-06-08T15:14:47+0200 SUBDEBUG Upgraded: pcre2-syntax-10.40-2.el9.noarch
2024-06-08T15:14:47+0200 SUBDEBUG Upgraded: coreutils-common-8.32-34.el9.x86_64
2024-06-08T15:14:47+0200 SUBDEBUG Upgraded: libssh-config-0.10.4-11.el9.noarch
2024-06-08T15:14:47+0200 SUBDEBUG Upgraded: glibc-all-langpacks-2.34-83.el9_3.7.x86_64
2024-06-08T15:14:47+0200 SUBDEBUG Upgraded: glibc-gconv-extra-2.34-83.el9_3.7.x86_64
2024-06-08T15:14:47+0200 SUBDEBUG Upgraded: bash-5.1.8-6.el9_1.x86_64
2024-06-08T15:14:47+0200 SUBDEBUG Upgraded: glibc-common-2.34-83.el9_3.7.x86_64
2024-06-08T15:14:47+0200 SUBDEBUG Upgraded: glibc-langpack-en-2.34-83.el9_3.7.x86_64
2024-06-08T15:14:47+0200 SUBDEBUG Upgraded: glibc-2.34-83.el9_3.7.x86_64
2024-06-08T15:14:47+0200 SUBDEBUG Upgraded: tzdata-2023c-1.el9.noarch
2024-06-08T15:14:47+0200 SUBDEBUG Upgraded: libgcc-11.4.1-2.1.el9.x86_64
2024-06-08T17:26:06+0200 INFO --- logging initialized ---
2024-06-09T09:30:42+0200 INFO --- logging initialized ---
2024-06-09T12:07:12+0200 INFO --- logging initialized ---
